# JRE version: OpenJDK Runtime Environment Temurin-21.0.5+11 (21.0.5+11) (build 21.0.5+11-LTS)
# Java VM: OpenJDK 64-Bit Server VM Temurin-21.0.5+11 (21.0.5+11-LTS, mixed mode, sharing, tiered, compressed oops, compressed class ptrs, parallel gc, windows-amd64)
GC Precious Log:
 CardTable entry size: 512
 CPUs: 4 total, 4 available
 Memory: 3804M
 Large Page Support: Disabled
 NUMA Support: Disabled
 Compressed Oops: Enabled (32-bit)
 Alignments: Space 512K, Generation 512K, Heap 2M
 Heap Min Capacity: 100M
 Heap Initial Capacity: 100M
 Heap Max Capacity: 1G
 Pre-touch: Disabled
 Parallel Workers: 4
Heap:
 PSYoungGen      total 22528K, used 6114K [0x00000000eab00000, 0x00000000ec500000, 0x0000000100000000)
  eden space 22016K, 27% used [0x00000000eab00000,0x00000000eb0f8800,0x00000000ec080000)
  from space 512K, 0% used [0x00000000ec480000,0x00000000ec480000,0x00000000ec500000)
  to   space 512K, 0% used [0x00000000ec400000,0x00000000ec400000,0x00000000ec480000)
 ParOldGen       total 68608K, used 20659K [0x00000000c0000000, 0x00000000c4300000, 0x00000000eab00000)
  object space 68608K, 30% used [0x00000000c0000000,0x00000000c142cfc8,0x00000000c4300000)
 Metaspace       used 35978K, committed 36864K, reserved 1114112K
  class space    used 3568K, committed 3968K, reserved 1048576K
GC Heap History (20 events):
Event: 9.166 GC heap before
{Heap before GC invocations=7 (full 1):
 PSYoungGen      total 29696K, used 4340K [0x00000000eab00000, 0x00000000ece80000, 0x0000000100000000)
  eden space 25088K, 0% used [0x00000000eab00000,0x00000000eab00000,0x00000000ec380000)
  from space 4608K, 94% used [0x00000000eca00000,0x00000000ece3d2b0,0x00000000ece80000)
  to   space 5120K, 0% used [0x00000000ec480000,0x00000000ec480000,0x00000000ec980000)
 ParOldGen       total 68608K, used 7425K [0x00000000c0000000, 0x00000000c4300000, 0x00000000eab00000)
  object space 68608K, 10% used [0x00000000c0000000,0x00000000c0740638,0x00000000c4300000)
 Metaspace       used 20840K, committed 21504K, reserved 1114112K
  class space    used 1977K, committed 2240K, reserved 1048576K
}
Event: 9.225 GC heap after
{Heap after GC invocations=7 (full 1):
 PSYoungGen      total 29696K, used 0K [0x00000000eab00000, 0x00000000ece80000, 0x0000000100000000)
  eden space 25088K, 0% used [0x00000000eab00000,0x00000000eab00000,0x00000000ec380000)
  from space 4608K, 0% used [0x00000000eca00000,0x00000000eca00000,0x00000000ece80000)
  to   space 5120K, 0% used [0x00000000ec480000,0x00000000ec480000,0x00000000ec980000)
 ParOldGen       total 68608K, used 8464K [0x00000000c0000000, 0x00000000c4300000, 0x00000000eab00000)
  object space 68608K, 12% used [0x00000000c0000000,0x00000000c0844200,0x00000000c4300000)
 Metaspace       used 20827K, committed 21504K, reserved 1114112K
  class space    used 1974K, committed 2240K, reserved 1048576K
}
Event: 10.372 GC heap before
{Heap before GC invocations=8 (full 1):
 PSYoungGen      total 29696K, used 25088K [0x00000000eab00000, 0x00000000ece80000, 0x0000000100000000)
  eden space 25088K, 100% used [0x00000000eab00000,0x00000000ec380000,0x00000000ec380000)
  from space 4608K, 0% used [0x00000000eca00000,0x00000000eca00000,0x00000000ece80000)
  to   space 5120K, 0% used [0x00000000ec480000,0x00000000ec480000,0x00000000ec980000)
 ParOldGen       total 68608K, used 8464K [0x00000000c0000000, 0x00000000c4300000, 0x00000000eab00000)
  object space 68608K, 12% used [0x00000000c0000000,0x00000000c0844200,0x00000000c4300000)
 Metaspace       used 22778K, committed 23488K, reserved 1114112K
  class space    used 2121K, committed 2432K, reserved 1048576K
}
Event: 10.375 GC heap after
{Heap after GC invocations=8 (full 1):
 PSYoungGen      total 27648K, used 2837K [0x00000000eab00000, 0x00000000eca80000, 0x0000000100000000)
  eden space 24576K, 0% used [0x00000000eab00000,0x00000000eab00000,0x00000000ec300000)
  from space 3072K, 92% used [0x00000000ec480000,0x00000000ec7455e0,0x00000000ec780000)
  to   space 3072K, 0% used [0x00000000ec780000,0x00000000ec780000,0x00000000eca80000)
 ParOldGen       total 68608K, used 8472K [0x00000000c0000000, 0x00000000c4300000, 0x00000000eab00000)
  object space 68608K, 12% used [0x00000000c0000000,0x00000000c0846200,0x00000000c4300000)
 Metaspace       used 22778K, committed 23488K, reserved 1114112K
  class space    used 2121K, committed 2432K, reserved 1048576K
}
Event: 12.066 GC heap before
{Heap before GC invocations=9 (full 1):
 PSYoungGen      total 27648K, used 27413K [0x00000000eab00000, 0x00000000eca80000, 0x0000000100000000)
  eden space 24576K, 100% used [0x00000000eab00000,0x00000000ec300000,0x00000000ec300000)
  from space 3072K, 92% used [0x00000000ec480000,0x00000000ec7455e0,0x00000000ec780000)
  to   space 3072K, 0% used [0x00000000ec780000,0x00000000ec780000,0x00000000eca80000)
 ParOldGen       total 68608K, used 8472K [0x00000000c0000000, 0x00000000c4300000, 0x00000000eab00000)
  object space 68608K, 12% used [0x00000000c0000000,0x00000000c0846200,0x00000000c4300000)
 Metaspace       used 26724K, committed 27520K, reserved 1114112K
  class space    used 2579K, committed 2880K, reserved 1048576K
}
Event: 12.073 GC heap after
{Heap after GC invocations=9 (full 1):
 PSYoungGen      total 27136K, used 2591K [0x00000000eab00000, 0x00000000eca80000, 0x0000000100000000)
  eden space 24064K, 0% used [0x00000000eab00000,0x00000000eab00000,0x00000000ec280000)
  from space 3072K, 84% used [0x00000000ec780000,0x00000000eca07cc8,0x00000000eca80000)
  to   space 3072K, 0% used [0x00000000ec480000,0x00000000ec480000,0x00000000ec780000)
 ParOldGen       total 68608K, used 10043K [0x00000000c0000000, 0x00000000c4300000, 0x00000000eab00000)
  object space 68608K, 14% used [0x00000000c0000000,0x00000000c09cec20,0x00000000c4300000)
 Metaspace       used 26724K, committed 27520K, reserved 1114112K
  class space    used 2579K, committed 2880K, reserved 1048576K
}
Event: 16.501 GC heap before
{Heap before GC invocations=10 (full 1):
 PSYoungGen      total 27136K, used 26655K [0x00000000eab00000, 0x00000000eca80000, 0x0000000100000000)
  eden space 24064K, 100% used [0x00000000eab00000,0x00000000ec280000,0x00000000ec280000)
  from space 3072K, 84% used [0x00000000ec780000,0x00000000eca07cc8,0x00000000eca80000)
  to   space 3072K, 0% used [0x00000000ec480000,0x00000000ec480000,0x00000000ec780000)
 ParOldGen       total 68608K, used 10043K [0x00000000c0000000, 0x00000000c4300000, 0x00000000eab00000)
  object space 68608K, 14% used [0x00000000c0000000,0x00000000c09cec20,0x00000000c4300000)
 Metaspace       used 30478K, committed 31360K, reserved 1114112K
  class space    used 2987K, committed 3392K, reserved 1048576K
}
Event: 16.512 GC heap after
{Heap after GC invocations=10 (full 1):
 PSYoungGen      total 26624K, used 3046K [0x00000000eab00000, 0x00000000ecc00000, 0x0000000100000000)
  eden space 23552K, 0% used [0x00000000eab00000,0x00000000eab00000,0x00000000ec200000)
  from space 3072K, 99% used [0x00000000ec480000,0x00000000ec7799a8,0x00000000ec780000)
  to   space 4608K, 0% used [0x00000000ec780000,0x00000000ec780000,0x00000000ecc00000)
 ParOldGen       total 68608K, used 11467K [0x00000000c0000000, 0x00000000c4300000, 0x00000000eab00000)
  object space 68608K, 16% used [0x00000000c0000000,0x00000000c0b32ca0,0x00000000c4300000)
 Metaspace       used 30478K, committed 31360K, reserved 1114112K
  class space    used 2987K, committed 3392K, reserved 1048576K
}
Event: 17.233 GC heap before
{Heap before GC invocations=11 (full 1):
 PSYoungGen      total 26624K, used 26598K [0x00000000eab00000, 0x00000000ecc00000, 0x0000000100000000)
  eden space 23552K, 100% used [0x00000000eab00000,0x00000000ec200000,0x00000000ec200000)
  from space 3072K, 99% used [0x00000000ec480000,0x00000000ec7799a8,0x00000000ec780000)
  to   space 4608K, 0% used [0x00000000ec780000,0x00000000ec780000,0x00000000ecc00000)
 ParOldGen       total 68608K, used 11467K [0x00000000c0000000, 0x00000000c4300000, 0x00000000eab00000)
  object space 68608K, 16% used [0x00000000c0000000,0x00000000c0b32ca0,0x00000000c4300000)
 Metaspace       used 31207K, committed 32128K, reserved 1114112K
  class space    used 3089K, committed 3520K, reserved 1048576K
}
Event: 17.240 GC heap after
{Heap after GC invocations=11 (full 1):
 PSYoungGen      total 27136K, used 3939K [0x00000000eab00000, 0x00000000ecb80000, 0x0000000100000000)
  eden space 23040K, 0% used [0x00000000eab00000,0x00000000eab00000,0x00000000ec180000)
  from space 4096K, 96% used [0x00000000ec780000,0x00000000ecb58fa8,0x00000000ecb80000)
  to   space 4608K, 0% used [0x00000000ec280000,0x00000000ec280000,0x00000000ec700000)
 ParOldGen       total 68608K, used 12999K [0x00000000c0000000, 0x00000000c4300000, 0x00000000eab00000)
  object space 68608K, 18% used [0x00000000c0000000,0x00000000c0cb1c28,0x00000000c4300000)
 Metaspace       used 31207K, committed 32128K, reserved 1114112K
  class space    used 3089K, committed 3520K, reserved 1048576K
}
Event: 17.716 GC heap before
{Heap before GC invocations=12 (full 1):
 PSYoungGen      total 27136K, used 26979K [0x00000000eab00000, 0x00000000ecb80000, 0x0000000100000000)
  eden space 23040K, 100% used [0x00000000eab00000,0x00000000ec180000,0x00000000ec180000)
  from space 4096K, 96% used [0x00000000ec780000,0x00000000ecb58fa8,0x00000000ecb80000)
  to   space 4608K, 0% used [0x00000000ec280000,0x00000000ec280000,0x00000000ec700000)
 ParOldGen       total 68608K, used 12999K [0x00000000c0000000, 0x00000000c4300000, 0x00000000eab00000)
  object space 68608K, 18% used [0x00000000c0000000,0x00000000c0cb1c28,0x00000000c4300000)
 Metaspace       used 31333K, committed 32320K, reserved 1114112K
  class space    used 3094K, committed 3520K, reserved 1048576K
}
Event: 17.727 GC heap after
{Heap after GC invocations=12 (full 1):
 PSYoungGen      total 25088K, used 2370K [0x00000000eab00000, 0x00000000ec800000, 0x0000000100000000)
  eden space 22528K, 0% used [0x00000000eab00000,0x00000000eab00000,0x00000000ec100000)
  from space 2560K, 92% used [0x00000000ec280000,0x00000000ec4d0800,0x00000000ec500000)
  to   space 3072K, 0% used [0x00000000ec500000,0x00000000ec500000,0x00000000ec800000)
 ParOldGen       total 68608K, used 16839K [0x00000000c0000000, 0x00000000c4300000, 0x00000000eab00000)
  object space 68608K, 24% used [0x00000000c0000000,0x00000000c1071e28,0x00000000c4300000)
 Metaspace       used 31333K, committed 32320K, reserved 1114112K
  class space    used 3094K, committed 3520K, reserved 1048576K
}
Event: 19.510 GC heap before
{Heap before GC invocations=13 (full 1):
 PSYoungGen      total 25088K, used 24898K [0x00000000eab00000, 0x00000000ec800000, 0x0000000100000000)
  eden space 22528K, 100% used [0x00000000eab00000,0x00000000ec100000,0x00000000ec100000)
  from space 2560K, 92% used [0x00000000ec280000,0x00000000ec4d0800,0x00000000ec500000)
  to   space 3072K, 0% used [0x00000000ec500000,0x00000000ec500000,0x00000000ec800000)
 ParOldGen       total 68608K, used 16839K [0x00000000c0000000, 0x00000000c4300000, 0x00000000eab00000)
  object space 68608K, 24% used [0x00000000c0000000,0x00000000c1071e28,0x00000000c4300000)
 Metaspace       used 33061K, committed 33984K, reserved 1114112K
  class space    used 3307K, committed 3712K, reserved 1048576K
}
Event: 19.517 GC heap after
{Heap after GC invocations=13 (full 1):
 PSYoungGen      total 24064K, used 1835K [0x00000000eab00000, 0x00000000ec700000, 0x0000000100000000)
  eden space 22016K, 0% used [0x00000000eab00000,0x00000000eab00000,0x00000000ec080000)
  from space 2048K, 89% used [0x00000000ec500000,0x00000000ec6caee0,0x00000000ec700000)
  to   space 2560K, 0% used [0x00000000ec200000,0x00000000ec200000,0x00000000ec480000)
 ParOldGen       total 68608K, used 19169K [0x00000000c0000000, 0x00000000c4300000, 0x00000000eab00000)
  object space 68608K, 27% used [0x00000000c0000000,0x00000000c12b8628,0x00000000c4300000)
 Metaspace       used 33061K, committed 33984K, reserved 1114112K
  class space    used 3307K, committed 3712K, reserved 1048576K
}
Event: 22.308 GC heap before
{Heap before GC invocations=14 (full 1):
 PSYoungGen      total 24064K, used 23851K [0x00000000eab00000, 0x00000000ec700000, 0x0000000100000000)
  eden space 22016K, 100% used [0x00000000eab00000,0x00000000ec080000,0x00000000ec080000)
  from space 2048K, 89% used [0x00000000ec500000,0x00000000ec6caee0,0x00000000ec700000)
  to   space 2560K, 0% used [0x00000000ec200000,0x00000000ec200000,0x00000000ec480000)
 ParOldGen       total 68608K, used 19169K [0x00000000c0000000, 0x00000000c4300000, 0x00000000eab00000)
  object space 68608K, 27% used [0x00000000c0000000,0x00000000c12b8628,0x00000000c4300000)
 Metaspace       used 34157K, committed 35072K, reserved 1114112K
  class space    used 3441K, committed 3840K, reserved 1048576K
}
Event: 22.316 GC heap after
{Heap after GC invocations=14 (full 1):
 PSYoungGen      total 24576K, used 416K [0x00000000eab00000, 0x00000000ec580000, 0x0000000100000000)
  eden space 22016K, 0% used [0x00000000eab00000,0x00000000eab00000,0x00000000ec080000)
  from space 2560K, 16% used [0x00000000ec200000,0x00000000ec268010,0x00000000ec480000)
  to   space 1024K, 0% used [0x00000000ec480000,0x00000000ec480000,0x00000000ec580000)
 ParOldGen       total 68608K, used 20870K [0x00000000c0000000, 0x00000000c4300000, 0x00000000eab00000)
  object space 68608K, 30% used [0x00000000c0000000,0x00000000c1461bf0,0x00000000c4300000)
 Metaspace       used 34157K, committed 35072K, reserved 1114112K
  class space    used 3441K, committed 3840K, reserved 1048576K
}
Event: 23.055 GC heap before
{Heap before GC invocations=15 (full 1):
 PSYoungGen      total 24576K, used 9234K [0x00000000eab00000, 0x00000000ec580000, 0x0000000100000000)
  eden space 22016K, 40% used [0x00000000eab00000,0x00000000eb39cba8,0x00000000ec080000)
  from space 2560K, 16% used [0x00000000ec200000,0x00000000ec268010,0x00000000ec480000)
  to   space 1024K, 0% used [0x00000000ec480000,0x00000000ec480000,0x00000000ec580000)
 ParOldGen       total 68608K, used 20870K [0x00000000c0000000, 0x00000000c4300000, 0x00000000eab00000)
  object space 68608K, 30% used [0x00000000c0000000,0x00000000c1461bf0,0x00000000c4300000)
 Metaspace       used 34895K, committed 35840K, reserved 1114112K
  class space    used 3504K, committed 3904K, reserved 1048576K
}
Event: 23.056 GC heap after
{Heap after GC invocations=15 (full 1):
 PSYoungGen      total 22528K, used 224K [0x00000000eab00000, 0x00000000ec500000, 0x0000000100000000)
  eden space 22016K, 0% used [0x00000000eab00000,0x00000000eab00000,0x00000000ec080000)
  from space 512K, 43% used [0x00000000ec480000,0x00000000ec4b8000,0x00000000ec500000)
  to   space 512K, 0% used [0x00000000ec400000,0x00000000ec400000,0x00000000ec480000)
 ParOldGen       total 68608K, used 21102K [0x00000000c0000000, 0x00000000c4300000, 0x00000000eab00000)
  object space 68608K, 30% used [0x00000000c0000000,0x00000000c149bbf0,0x00000000c4300000)
 Metaspace       used 34895K, committed 35840K, reserved 1114112K
  class space    used 3504K, committed 3904K, reserved 1048576K
}
Event: 23.056 GC heap before
{Heap before GC invocations=16 (full 2):
 PSYoungGen      total 22528K, used 224K [0x00000000eab00000, 0x00000000ec500000, 0x0000000100000000)
  eden space 22016K, 0% used [0x00000000eab00000,0x00000000eab00000,0x00000000ec080000)
  from space 512K, 43% used [0x00000000ec480000,0x00000000ec4b8000,0x00000000ec500000)
  to   space 512K, 0% used [0x00000000ec400000,0x00000000ec400000,0x00000000ec480000)
 ParOldGen       total 68608K, used 21102K [0x00000000c0000000, 0x00000000c4300000, 0x00000000eab00000)
  object space 68608K, 30% used [0x00000000c0000000,0x00000000c149bbf0,0x00000000c4300000)
 Metaspace       used 34895K, committed 35840K, reserved 1114112K
  class space    used 3504K, committed 3904K, reserved 1048576K
}
Event: 23.179 GC heap after
{Heap after GC invocations=16 (full 2):
 PSYoungGen      total 22528K, used 0K [0x00000000eab00000, 0x00000000ec500000, 0x0000000100000000)
  eden space 22016K, 0% used [0x00000000eab00000,0x00000000eab00000,0x00000000ec080000)
  from space 512K, 0% used [0x00000000ec480000,0x00000000ec480000,0x00000000ec500000)
  to   space 512K, 0% used [0x00000000ec400000,0x00000000ec400000,0x00000000ec480000)
 ParOldGen       total 68608K, used 20659K [0x00000000c0000000, 0x00000000c4300000, 0x00000000eab00000)
  object space 68608K, 30% used [0x00000000c0000000,0x00000000c142cfc8,0x00000000c4300000)
 Metaspace       used 34860K, committed 35840K, reserved 1114112K
  class space    used 3494K, committed 3904K, reserved 1048576K
}

