# JRE version: OpenJDK Runtime Environment Temurin-21.0.5+11 (21.0.5+11) (build 21.0.5+11-LTS)
# Java VM: OpenJDK 64-Bit Server VM Temurin-21.0.5+11 (21.0.5+11-LTS, mixed mode, sharing, tiered, compressed oops, compressed class ptrs, parallel gc, windows-amd64)
GC Precious Log:
 CardTable entry size: 512
 CPUs: 4 total, 4 available
 Memory: 3804M
 Large Page Support: Disabled
 NUMA Support: Disabled
 Compressed Oops: Enabled (32-bit)
 Alignments: Space 512K, Generation 512K, Heap 2M
 Heap Min Capacity: 100M
 Heap Initial Capacity: 100M
 Heap Max Capacity: 1G
 Pre-touch: Disabled
 Parallel Workers: 4
Heap:
 PSYoungGen      total 6656K, used 6312K [0x00000000eab00000, 0x00000000eb300000, 0x0000000100000000)
  eden space 5120K, 100% used [0x00000000eab00000,0x00000000eb000000,0x00000000eb000000)
  from space 1536K, 77% used [0x00000000eb180000,0x00000000eb2aa018,0x00000000eb300000)
  to   space 1536K, 82% used [0x00000000eb000000,0x00000000eb13cd20,0x00000000eb180000)
 ParOldGen       total 336384K, used 336379K [0x00000000c0000000, 0x00000000d4880000, 0x00000000eab00000)
  object space 336384K, 99% used [0x00000000c0000000,0x00000000d487eff0,0x00000000d4880000)
 Metaspace       used 73364K, committed 75008K, reserved 1179648K
  class space    used 7586K, committed 8256K, reserved 1048576K
GC Heap History (20 events):
Event: 98.388 GC heap after
{Heap after GC invocations=273 (full 3):
 PSYoungGen      total 6656K, used 1265K [0x00000000eab00000, 0x00000000eb300000, 0x0000000100000000)
  eden space 5120K, 0% used [0x00000000eab00000,0x00000000eab00000,0x00000000eb000000)
  from space 1536K, 82% used [0x00000000eb180000,0x00000000eb2bc6f8,0x00000000eb300000)
  to   space 1536K, 0% used [0x00000000eb000000,0x00000000eb000000,0x00000000eb180000)
 ParOldGen       total 326656K, used 326515K [0x00000000c0000000, 0x00000000d3f00000, 0x00000000eab00000)
  object space 326656K, 99% used [0x00000000c0000000,0x00000000d3edcfb8,0x00000000d3f00000)
 Metaspace       used 73348K, committed 74880K, reserved 1179648K
  class space    used 7584K, committed 8256K, reserved 1048576K
}
Event: 98.607 GC heap before
{Heap before GC invocations=274 (full 3):
 PSYoungGen      total 6656K, used 6385K [0x00000000eab00000, 0x00000000eb300000, 0x0000000100000000)
  eden space 5120K, 99% used [0x00000000eab00000,0x00000000eaffffc8,0x00000000eb000000)
  from space 1536K, 82% used [0x00000000eb180000,0x00000000eb2bc6f8,0x00000000eb300000)
  to   space 1536K, 0% used [0x00000000eb000000,0x00000000eb000000,0x00000000eb180000)
 ParOldGen       total 326656K, used 326515K [0x00000000c0000000, 0x00000000d3f00000, 0x00000000eab00000)
  object space 326656K, 99% used [0x00000000c0000000,0x00000000d3edcfb8,0x00000000d3f00000)
 Metaspace       used 73348K, committed 74880K, reserved 1179648K
  class space    used 7584K, committed 8256K, reserved 1048576K
}
Event: 98.611 GC heap after
{Heap after GC invocations=274 (full 3):
 PSYoungGen      total 6656K, used 1214K [0x00000000eab00000, 0x00000000eb300000, 0x0000000100000000)
  eden space 5120K, 0% used [0x00000000eab00000,0x00000000eab00000,0x00000000eb000000)
  from space 1536K, 79% used [0x00000000eb000000,0x00000000eb12fa48,0x00000000eb180000)
  to   space 1536K, 0% used [0x00000000eb180000,0x00000000eb180000,0x00000000eb300000)
 ParOldGen       total 328192K, used 327684K [0x00000000c0000000, 0x00000000d4080000, 0x00000000eab00000)
  object space 328192K, 99% used [0x00000000c0000000,0x00000000d4001230,0x00000000d4080000)
 Metaspace       used 73348K, committed 74880K, reserved 1179648K
  class space    used 7584K, committed 8256K, reserved 1048576K
}
Event: 98.682 GC heap before
{Heap before GC invocations=275 (full 3):
 PSYoungGen      total 6656K, used 6334K [0x00000000eab00000, 0x00000000eb300000, 0x0000000100000000)
  eden space 5120K, 100% used [0x00000000eab00000,0x00000000eb000000,0x00000000eb000000)
  from space 1536K, 79% used [0x00000000eb000000,0x00000000eb12fa48,0x00000000eb180000)
  to   space 1536K, 0% used [0x00000000eb180000,0x00000000eb180000,0x00000000eb300000)
 ParOldGen       total 328192K, used 327684K [0x00000000c0000000, 0x00000000d4080000, 0x00000000eab00000)
  object space 328192K, 99% used [0x00000000c0000000,0x00000000d4001230,0x00000000d4080000)
 Metaspace       used 73348K, committed 74880K, reserved 1179648K
  class space    used 7584K, committed 8256K, reserved 1048576K
}
Event: 98.687 GC heap after
{Heap after GC invocations=275 (full 3):
 PSYoungGen      total 6656K, used 1234K [0x00000000eab00000, 0x00000000eb300000, 0x0000000100000000)
  eden space 5120K, 0% used [0x00000000eab00000,0x00000000eab00000,0x00000000eb000000)
  from space 1536K, 80% used [0x00000000eb180000,0x00000000eb2b4b10,0x00000000eb300000)
  to   space 1536K, 0% used [0x00000000eb000000,0x00000000eb000000,0x00000000eb180000)
 ParOldGen       total 329216K, used 328780K [0x00000000c0000000, 0x00000000d4180000, 0x00000000eab00000)
  object space 329216K, 99% used [0x00000000c0000000,0x00000000d4113010,0x00000000d4180000)
 Metaspace       used 73348K, committed 74880K, reserved 1179648K
  class space    used 7584K, committed 8256K, reserved 1048576K
}
Event: 98.792 GC heap before
{Heap before GC invocations=276 (full 3):
 PSYoungGen      total 6656K, used 6334K [0x00000000eab00000, 0x00000000eb300000, 0x0000000100000000)
  eden space 5120K, 99% used [0x00000000eab00000,0x00000000eaffada8,0x00000000eb000000)
  from space 1536K, 80% used [0x00000000eb180000,0x00000000eb2b4b10,0x00000000eb300000)
  to   space 1536K, 0% used [0x00000000eb000000,0x00000000eb000000,0x00000000eb180000)
 ParOldGen       total 329216K, used 328780K [0x00000000c0000000, 0x00000000d4180000, 0x00000000eab00000)
  object space 329216K, 99% used [0x00000000c0000000,0x00000000d4113010,0x00000000d4180000)
 Metaspace       used 73348K, committed 74880K, reserved 1179648K
  class space    used 7584K, committed 8256K, reserved 1048576K
}
Event: 98.795 GC heap after
{Heap after GC invocations=276 (full 3):
 PSYoungGen      total 6656K, used 1474K [0x00000000eab00000, 0x00000000eb300000, 0x0000000100000000)
  eden space 5120K, 0% used [0x00000000eab00000,0x00000000eab00000,0x00000000eb000000)
  from space 1536K, 96% used [0x00000000eb000000,0x00000000eb170b98,0x00000000eb180000)
  to   space 1536K, 0% used [0x00000000eb180000,0x00000000eb180000,0x00000000eb300000)
 ParOldGen       total 330240K, used 329973K [0x00000000c0000000, 0x00000000d4280000, 0x00000000eab00000)
  object space 330240K, 99% used [0x00000000c0000000,0x00000000d423d508,0x00000000d4280000)
 Metaspace       used 73348K, committed 74880K, reserved 1179648K
  class space    used 7584K, committed 8256K, reserved 1048576K
}
Event: 98.838 GC heap before
{Heap before GC invocations=277 (full 3):
 PSYoungGen      total 6656K, used 6594K [0x00000000eab00000, 0x00000000eb300000, 0x0000000100000000)
  eden space 5120K, 100% used [0x00000000eab00000,0x00000000eb000000,0x00000000eb000000)
  from space 1536K, 96% used [0x00000000eb000000,0x00000000eb170b98,0x00000000eb180000)
  to   space 1536K, 0% used [0x00000000eb180000,0x00000000eb180000,0x00000000eb300000)
 ParOldGen       total 330240K, used 329973K [0x00000000c0000000, 0x00000000d4280000, 0x00000000eab00000)
  object space 330240K, 99% used [0x00000000c0000000,0x00000000d423d508,0x00000000d4280000)
 Metaspace       used 73348K, committed 74880K, reserved 1179648K
  class space    used 7584K, committed 8256K, reserved 1048576K
}
Event: 98.841 GC heap after
{Heap after GC invocations=277 (full 3):
 PSYoungGen      total 6656K, used 1344K [0x00000000eab00000, 0x00000000eb300000, 0x0000000100000000)
  eden space 5120K, 0% used [0x00000000eab00000,0x00000000eab00000,0x00000000eb000000)
  from space 1536K, 87% used [0x00000000eb180000,0x00000000eb2d0280,0x00000000eb300000)
  to   space 1536K, 0% used [0x00000000eb000000,0x00000000eb000000,0x00000000eb180000)
 ParOldGen       total 331776K, used 331384K [0x00000000c0000000, 0x00000000d4400000, 0x00000000eab00000)
  object space 331776K, 99% used [0x00000000c0000000,0x00000000d439e3c8,0x00000000d4400000)
 Metaspace       used 73348K, committed 74880K, reserved 1179648K
  class space    used 7584K, committed 8256K, reserved 1048576K
}
Event: 98.918 GC heap before
{Heap before GC invocations=278 (full 3):
 PSYoungGen      total 6656K, used 6464K [0x00000000eab00000, 0x00000000eb300000, 0x0000000100000000)
  eden space 5120K, 100% used [0x00000000eab00000,0x00000000eb000000,0x00000000eb000000)
  from space 1536K, 87% used [0x00000000eb180000,0x00000000eb2d0280,0x00000000eb300000)
  to   space 1536K, 0% used [0x00000000eb000000,0x00000000eb000000,0x00000000eb180000)
 ParOldGen       total 331776K, used 331384K [0x00000000c0000000, 0x00000000d4400000, 0x00000000eab00000)
  object space 331776K, 99% used [0x00000000c0000000,0x00000000d439e3c8,0x00000000d4400000)
 Metaspace       used 73348K, committed 74880K, reserved 1179648K
  class space    used 7584K, committed 8256K, reserved 1048576K
}
Event: 98.921 GC heap after
{Heap after GC invocations=278 (full 3):
 PSYoungGen      total 6656K, used 1219K [0x00000000eab00000, 0x00000000eb300000, 0x0000000100000000)
  eden space 5120K, 0% used [0x00000000eab00000,0x00000000eab00000,0x00000000eb000000)
  from space 1536K, 79% used [0x00000000eb000000,0x00000000eb130c70,0x00000000eb180000)
  to   space 1536K, 0% used [0x00000000eb180000,0x00000000eb180000,0x00000000eb300000)
 ParOldGen       total 332800K, used 332668K [0x00000000c0000000, 0x00000000d4500000, 0x00000000eab00000)
  object space 332800K, 99% used [0x00000000c0000000,0x00000000d44df230,0x00000000d4500000)
 Metaspace       used 73348K, committed 74880K, reserved 1179648K
  class space    used 7584K, committed 8256K, reserved 1048576K
}
Event: 99.042 GC heap before
{Heap before GC invocations=279 (full 3):
 PSYoungGen      total 6656K, used 6339K [0x00000000eab00000, 0x00000000eb300000, 0x0000000100000000)
  eden space 5120K, 100% used [0x00000000eab00000,0x00000000eb000000,0x00000000eb000000)
  from space 1536K, 79% used [0x00000000eb000000,0x00000000eb130c70,0x00000000eb180000)
  to   space 1536K, 0% used [0x00000000eb180000,0x00000000eb180000,0x00000000eb300000)
 ParOldGen       total 332800K, used 332668K [0x00000000c0000000, 0x00000000d4500000, 0x00000000eab00000)
  object space 332800K, 99% used [0x00000000c0000000,0x00000000d44df230,0x00000000d4500000)
 Metaspace       used 73349K, committed 74880K, reserved 1179648K
  class space    used 7584K, committed 8256K, reserved 1048576K
}
Event: 99.048 GC heap after
{Heap after GC invocations=279 (full 3):
 PSYoungGen      total 6656K, used 1261K [0x00000000eab00000, 0x00000000eb300000, 0x0000000100000000)
  eden space 5120K, 0% used [0x00000000eab00000,0x00000000eab00000,0x00000000eb000000)
  from space 1536K, 82% used [0x00000000eb180000,0x00000000eb2bb4e0,0x00000000eb300000)
  to   space 1536K, 0% used [0x00000000eb000000,0x00000000eb000000,0x00000000eb180000)
 ParOldGen       total 334336K, used 333859K [0x00000000c0000000, 0x00000000d4680000, 0x00000000eab00000)
  object space 334336K, 99% used [0x00000000c0000000,0x00000000d4608e18,0x00000000d4680000)
 Metaspace       used 73349K, committed 74880K, reserved 1179648K
  class space    used 7584K, committed 8256K, reserved 1048576K
}
Event: 99.231 GC heap before
{Heap before GC invocations=280 (full 3):
 PSYoungGen      total 6656K, used 6381K [0x00000000eab00000, 0x00000000eb300000, 0x0000000100000000)
  eden space 5120K, 100% used [0x00000000eab00000,0x00000000eb000000,0x00000000eb000000)
  from space 1536K, 82% used [0x00000000eb180000,0x00000000eb2bb4e0,0x00000000eb300000)
  to   space 1536K, 0% used [0x00000000eb000000,0x00000000eb000000,0x00000000eb180000)
 ParOldGen       total 334336K, used 333859K [0x00000000c0000000, 0x00000000d4680000, 0x00000000eab00000)
  object space 334336K, 99% used [0x00000000c0000000,0x00000000d4608e18,0x00000000d4680000)
 Metaspace       used 73349K, committed 74880K, reserved 1179648K
  class space    used 7584K, committed 8256K, reserved 1048576K
}
Event: 99.234 GC heap after
{Heap after GC invocations=280 (full 3):
 PSYoungGen      total 6656K, used 1155K [0x00000000eab00000, 0x00000000eb300000, 0x0000000100000000)
  eden space 5120K, 0% used [0x00000000eab00000,0x00000000eab00000,0x00000000eb000000)
  from space 1536K, 75% used [0x00000000eb000000,0x00000000eb120f88,0x00000000eb180000)
  to   space 1536K, 0% used [0x00000000eb180000,0x00000000eb180000,0x00000000eb300000)
 ParOldGen       total 335360K, used 335040K [0x00000000c0000000, 0x00000000d4780000, 0x00000000eab00000)
  object space 335360K, 99% used [0x00000000c0000000,0x00000000d4730240,0x00000000d4780000)
 Metaspace       used 73349K, committed 74880K, reserved 1179648K
  class space    used 7584K, committed 8256K, reserved 1048576K
}
Event: 99.431 GC heap before
{Heap before GC invocations=281 (full 3):
 PSYoungGen      total 6656K, used 6275K [0x00000000eab00000, 0x00000000eb300000, 0x0000000100000000)
  eden space 5120K, 100% used [0x00000000eab00000,0x00000000eb000000,0x00000000eb000000)
  from space 1536K, 75% used [0x00000000eb000000,0x00000000eb120f88,0x00000000eb180000)
  to   space 1536K, 0% used [0x00000000eb180000,0x00000000eb180000,0x00000000eb300000)
 ParOldGen       total 335360K, used 335040K [0x00000000c0000000, 0x00000000d4780000, 0x00000000eab00000)
  object space 335360K, 99% used [0x00000000c0000000,0x00000000d4730240,0x00000000d4780000)
 Metaspace       used 73355K, committed 74880K, reserved 1179648K
  class space    used 7584K, committed 8256K, reserved 1048576K
}
Event: 99.434 GC heap after
{Heap after GC invocations=281 (full 3):
 PSYoungGen      total 6656K, used 1192K [0x00000000eab00000, 0x00000000eb300000, 0x0000000100000000)
  eden space 5120K, 0% used [0x00000000eab00000,0x00000000eab00000,0x00000000eb000000)
  from space 1536K, 77% used [0x00000000eb180000,0x00000000eb2aa018,0x00000000eb300000)
  to   space 1536K, 0% used [0x00000000eb000000,0x00000000eb000000,0x00000000eb180000)
 ParOldGen       total 336384K, used 336152K [0x00000000c0000000, 0x00000000d4880000, 0x00000000eab00000)
  object space 336384K, 99% used [0x00000000c0000000,0x00000000d4846020,0x00000000d4880000)
 Metaspace       used 73355K, committed 74880K, reserved 1179648K
  class space    used 7584K, committed 8256K, reserved 1048576K
}
Event: 99.572 GC heap before
{Heap before GC invocations=282 (full 3):
 PSYoungGen      total 6656K, used 6312K [0x00000000eab00000, 0x00000000eb300000, 0x0000000100000000)
  eden space 5120K, 100% used [0x00000000eab00000,0x00000000eb000000,0x00000000eb000000)
  from space 1536K, 77% used [0x00000000eb180000,0x00000000eb2aa018,0x00000000eb300000)
  to   space 1536K, 0% used [0x00000000eb000000,0x00000000eb000000,0x00000000eb180000)
 ParOldGen       total 336384K, used 336152K [0x00000000c0000000, 0x00000000d4880000, 0x00000000eab00000)
  object space 336384K, 99% used [0x00000000c0000000,0x00000000d4846020,0x00000000d4880000)
 Metaspace       used 73364K, committed 75008K, reserved 1179648K
  class space    used 7586K, committed 8256K, reserved 1048576K
}
Event: 99.578 GC heap after
{Heap after GC invocations=282 (full 3):
 PSYoungGen      total 6656K, used 6312K [0x00000000eab00000, 0x00000000eb300000, 0x0000000100000000)
  eden space 5120K, 100% used [0x00000000eab00000,0x00000000eb000000,0x00000000eb000000)
  from space 1536K, 77% used [0x00000000eb180000,0x00000000eb2aa018,0x00000000eb300000)
  to   space 1536K, 82% used [0x00000000eb000000,0x00000000eb13cd20,0x00000000eb180000)
 ParOldGen       total 336384K, used 336379K [0x00000000c0000000, 0x00000000d4880000, 0x00000000eab00000)
  object space 336384K, 99% used [0x00000000c0000000,0x00000000d487eff0,0x00000000d4880000)
 Metaspace       used 73364K, committed 75008K, reserved 1179648K
  class space    used 7586K, committed 8256K, reserved 1048576K
}
Event: 99.578 GC heap before
{Heap before GC invocations=283 (full 4):
 PSYoungGen      total 6656K, used 6312K [0x00000000eab00000, 0x00000000eb300000, 0x0000000100000000)
  eden space 5120K, 100% used [0x00000000eab00000,0x00000000eb000000,0x00000000eb000000)
  from space 1536K, 77% used [0x00000000eb180000,0x00000000eb2aa018,0x00000000eb300000)
  to   space 1536K, 82% used [0x00000000eb000000,0x00000000eb13cd20,0x00000000eb180000)
 ParOldGen       total 336384K, used 336379K [0x00000000c0000000, 0x00000000d4880000, 0x00000000eab00000)
  object space 336384K, 99% used [0x00000000c0000000,0x00000000d487eff0,0x00000000d4880000)
 Metaspace       used 73364K, committed 75008K, reserved 1179648K
  class space    used 7586K, committed 8256K, reserved 1048576K
}

