# JRE version: Java(TM) SE Runtime Environment (17.0.11+7) (build 17.0.11+7-LTS-207)
# Java VM: Java HotSpot(TM) 64-Bit Server VM (17.0.11+7-LTS-207, mixed mode, sharing, tiered, compressed oops, compressed class ptrs, g1 gc, windows-amd64)
GC Precious Log:
 CPUs: 4 total, 4 available
 Memory: 3804M
 Large Page Support: Disabled
 NUMA Support: Disabled
 Compressed Oops: Enabled (32-bit)
 Heap Region Size: 1M
 Heap Min Capacity: 8M
 Heap Initial Capacity: 60M
 Heap Max Capacity: 952M
 Pre-touch: Disabled
 Parallel Workers: 4
 Concurrent Workers: 1
 Concurrent Refinement Workers: 4
 Periodic GC: Disabled
Heap:
 garbage-first heap   total 55296K, used 35276K [0x00000000c4800000, 0x0000000100000000)
  region size 1024K, 8 young (8192K), 2 survivors (2048K)
 Metaspace       used 69647K, committed 70272K, reserved 1114112K
  class space    used 9367K, committed 9664K, reserved 1048576K
GC Heap History (20 events):
Event: 15.396 GC heap before
{Heap before GC invocations=14 (full 0):
 garbage-first heap   total 55296K, used 43316K [0x00000000c4800000, 0x0000000100000000)
  region size 1024K, 21 young (21504K), 2 survivors (2048K)
 Metaspace       used 59187K, committed 59712K, reserved 1114112K
  class space    used 7944K, committed 8192K, reserved 1048576K
}
Event: 15.404 GC heap after
{Heap after GC invocations=15 (full 0):
 garbage-first heap   total 55296K, used 25222K [0x00000000c4800000, 0x0000000100000000)
  region size 1024K, 3 young (3072K), 3 survivors (3072K)
 Metaspace       used 59187K, committed 59712K, reserved 1114112K
  class space    used 7944K, committed 8192K, reserved 1048576K
}
Event: 15.609 GC heap before
{Heap before GC invocations=15 (full 0):
 garbage-first heap   total 55296K, used 30342K [0x00000000c4800000, 0x0000000100000000)
  region size 1024K, 9 young (9216K), 3 survivors (3072K)
 Metaspace       used 60027K, committed 60480K, reserved 1114112K
  class space    used 8099K, committed 8320K, reserved 1048576K
}
Event: 15.616 GC heap after
{Heap after GC invocations=16 (full 0):
 garbage-first heap   total 55296K, used 25801K [0x00000000c4800000, 0x0000000100000000)
  region size 1024K, 2 young (2048K), 2 survivors (2048K)
 Metaspace       used 60027K, committed 60480K, reserved 1114112K
  class space    used 8099K, committed 8320K, reserved 1048576K
}
Event: 16.577 GC heap before
{Heap before GC invocations=17 (full 0):
 garbage-first heap   total 55296K, used 44233K [0x00000000c4800000, 0x0000000100000000)
  region size 1024K, 20 young (20480K), 2 survivors (2048K)
 Metaspace       used 61961K, committed 62528K, reserved 1114112K
  class space    used 8417K, committed 8704K, reserved 1048576K
}
Event: 16.586 GC heap after
{Heap after GC invocations=18 (full 0):
 garbage-first heap   total 55296K, used 27781K [0x00000000c4800000, 0x0000000100000000)
  region size 1024K, 3 young (3072K), 3 survivors (3072K)
 Metaspace       used 61961K, committed 62528K, reserved 1114112K
  class space    used 8417K, committed 8704K, reserved 1048576K
}
Event: 70.819 GC heap before
{Heap before GC invocations=18 (full 0):
 garbage-first heap   total 55296K, used 43141K [0x00000000c4800000, 0x0000000100000000)
  region size 1024K, 19 young (19456K), 3 survivors (3072K)
 Metaspace       used 65351K, committed 65920K, reserved 1114112K
  class space    used 8844K, committed 9088K, reserved 1048576K
}
Event: 70.832 GC heap after
{Heap after GC invocations=19 (full 0):
 garbage-first heap   total 55296K, used 28824K [0x00000000c4800000, 0x0000000100000000)
  region size 1024K, 2 young (2048K), 2 survivors (2048K)
 Metaspace       used 65351K, committed 65920K, reserved 1114112K
  class space    used 8844K, committed 9088K, reserved 1048576K
}
Event: 240.244 GC heap before
{Heap before GC invocations=20 (full 0):
 garbage-first heap   total 55296K, used 42136K [0x00000000c4800000, 0x0000000100000000)
  region size 1024K, 16 young (16384K), 2 survivors (2048K)
 Metaspace       used 68436K, committed 69056K, reserved 1114112K
  class space    used 9302K, committed 9600K, reserved 1048576K
}
Event: 240.264 GC heap after
{Heap after GC invocations=21 (full 0):
 garbage-first heap   total 55296K, used 29732K [0x00000000c4800000, 0x0000000100000000)
  region size 1024K, 1 young (1024K), 1 survivors (1024K)
 Metaspace       used 68436K, committed 69056K, reserved 1114112K
  class space    used 9302K, committed 9600K, reserved 1048576K
}
Event: 561.769 GC heap before
{Heap before GC invocations=21 (full 0):
 garbage-first heap   total 55296K, used 35876K [0x00000000c4800000, 0x0000000100000000)
  region size 1024K, 8 young (8192K), 1 survivors (1024K)
 Metaspace       used 68636K, committed 69312K, reserved 1114112K
  class space    used 9330K, committed 9664K, reserved 1048576K
}
Event: 562.804 GC heap after
{Heap after GC invocations=22 (full 1):
 garbage-first heap   total 55296K, used 25052K [0x00000000c4800000, 0x0000000100000000)
  region size 1024K, 0 young (0K), 0 survivors (0K)
 Metaspace       used 68636K, committed 69312K, reserved 1114112K
  class space    used 9330K, committed 9664K, reserved 1048576K
}
Event: 564.268 GC heap before
{Heap before GC invocations=22 (full 1):
 garbage-first heap   total 55296K, used 41436K [0x00000000c4800000, 0x0000000100000000)
  region size 1024K, 17 young (17408K), 0 survivors (0K)
 Metaspace       used 68792K, committed 69440K, reserved 1114112K
  class space    used 9333K, committed 9664K, reserved 1048576K
}
Event: 564.313 GC heap after
{Heap after GC invocations=23 (full 1):
 garbage-first heap   total 55296K, used 27145K [0x00000000c4800000, 0x0000000100000000)
  region size 1024K, 3 young (3072K), 3 survivors (3072K)
 Metaspace       used 68792K, committed 69440K, reserved 1114112K
  class space    used 9333K, committed 9664K, reserved 1048576K
}
Event: 565.250 GC heap before
{Heap before GC invocations=24 (full 1):
 garbage-first heap   total 55296K, used 41481K [0x00000000c4800000, 0x0000000100000000)
  region size 1024K, 17 young (17408K), 3 survivors (3072K)
 Metaspace       used 68956K, committed 69568K, reserved 1114112K
  class space    used 9337K, committed 9664K, reserved 1048576K
}
Event: 565.306 GC heap after
{Heap after GC invocations=25 (full 1):
 garbage-first heap   total 55296K, used 27882K [0x00000000c4800000, 0x0000000100000000)
  region size 1024K, 2 young (2048K), 2 survivors (2048K)
 Metaspace       used 68956K, committed 69568K, reserved 1114112K
  class space    used 9337K, committed 9664K, reserved 1048576K
}
Event: 567.042 GC heap before
{Heap before GC invocations=25 (full 1):
 garbage-first heap   total 55296K, used 41194K [0x00000000c4800000, 0x0000000100000000)
  region size 1024K, 15 young (15360K), 2 survivors (2048K)
 Metaspace       used 69210K, committed 69824K, reserved 1114112K
  class space    used 9353K, committed 9664K, reserved 1048576K
}
Event: 567.074 GC heap after
{Heap after GC invocations=26 (full 1):
 garbage-first heap   total 55296K, used 28846K [0x00000000c4800000, 0x0000000100000000)
  region size 1024K, 1 young (1024K), 1 survivors (1024K)
 Metaspace       used 69210K, committed 69824K, reserved 1114112K
  class space    used 9353K, committed 9664K, reserved 1048576K
}
Event: 567.847 GC heap before
{Heap before GC invocations=27 (full 1):
 garbage-first heap   total 55296K, used 42158K [0x00000000c4800000, 0x0000000100000000)
  region size 1024K, 14 young (14336K), 1 survivors (1024K)
 Metaspace       used 69575K, committed 70208K, reserved 1114112K
  class space    used 9365K, committed 9664K, reserved 1048576K
}
Event: 567.853 GC heap after
{Heap after GC invocations=28 (full 1):
 garbage-first heap   total 55296K, used 30156K [0x00000000c4800000, 0x0000000100000000)
  region size 1024K, 2 young (2048K), 2 survivors (2048K)
 Metaspace       used 69575K, committed 70208K, reserved 1114112K
  class space    used 9365K, committed 9664K, reserved 1048576K
}

