# JRE version: OpenJDK Runtime Environment Temurin-21.0.5+11 (21.0.5+11) (build 21.0.5+11-LTS)
# Java VM: OpenJDK 64-Bit Server VM Temurin-21.0.5+11 (21.0.5+11-LTS, mixed mode, sharing, tiered, compressed oops, compressed class ptrs, parallel gc, windows-amd64)
GC Precious Log:
 CardTable entry size: 512
 CPUs: 4 total, 4 available
 Memory: 3804M
 Large Page Support: Disabled
 NUMA Support: Disabled
 Compressed Oops: Enabled (32-bit)
 Alignments: Space 512K, Generation 512K, Heap 2M
 Heap Min Capacity: 100M
 Heap Initial Capacity: 100M
 Heap Max Capacity: 1G
 Pre-touch: Disabled
 Parallel Workers: 4
Heap:
 PSYoungGen      total 20480K, used 5664K [0x00000000eab00000, 0x00000000ec100000, 0x0000000100000000)
  eden space 18432K, 20% used [0x00000000eab00000,0x00000000eaeb15f0,0x00000000ebd00000)
  from space 2048K, 91% used [0x00000000ebd00000,0x00000000ebed6c78,0x00000000ebf00000)
  to   space 2048K, 0% used [0x00000000ebf00000,0x00000000ebf00000,0x00000000ec100000)
 ParOldGen       total 68608K, used 40016K [0x00000000c0000000, 0x00000000c4300000, 0x00000000eab00000)
  object space 68608K, 58% used [0x00000000c0000000,0x00000000c27140f8,0x00000000c4300000)
 Metaspace       used 52334K, committed 53632K, reserved 1114112K
  class space    used 5412K, committed 6016K, reserved 1048576K
GC Heap History (20 events):
Event: 15.737 GC heap before
{Heap before GC invocations=20 (full 2):
 PSYoungGen      total 23552K, used 23328K [0x00000000eab00000, 0x00000000ec500000, 0x0000000100000000)
  eden space 21504K, 100% used [0x00000000eab00000,0x00000000ec000000,0x00000000ec000000)
  from space 2048K, 89% used [0x00000000ec000000,0x00000000ec1c8108,0x00000000ec200000)
  to   space 2560K, 0% used [0x00000000ec280000,0x00000000ec280000,0x00000000ec500000)
 ParOldGen       total 68608K, used 23478K [0x00000000c0000000, 0x00000000c4300000, 0x00000000eab00000)
  object space 68608K, 34% used [0x00000000c0000000,0x00000000c16eda40,0x00000000c4300000)
 Metaspace       used 42239K, committed 43456K, reserved 1114112K
  class space    used 4380K, committed 4928K, reserved 1048576K
}
Event: 15.742 GC heap after
{Heap after GC invocations=20 (full 2):
 PSYoungGen      total 24064K, used 2018K [0x00000000eab00000, 0x00000000ec500000, 0x0000000100000000)
  eden space 21504K, 0% used [0x00000000eab00000,0x00000000eab00000,0x00000000ec000000)
  from space 2560K, 78% used [0x00000000ec280000,0x00000000ec478810,0x00000000ec500000)
  to   space 2560K, 0% used [0x00000000ec000000,0x00000000ec000000,0x00000000ec280000)
 ParOldGen       total 68608K, used 25125K [0x00000000c0000000, 0x00000000c4300000, 0x00000000eab00000)
  object space 68608K, 36% used [0x00000000c0000000,0x00000000c1889740,0x00000000c4300000)
 Metaspace       used 42239K, committed 43456K, reserved 1114112K
  class space    used 4380K, committed 4928K, reserved 1048576K
}
Event: 16.306 GC heap before
{Heap before GC invocations=21 (full 2):
 PSYoungGen      total 24064K, used 23522K [0x00000000eab00000, 0x00000000ec500000, 0x0000000100000000)
  eden space 21504K, 100% used [0x00000000eab00000,0x00000000ec000000,0x00000000ec000000)
  from space 2560K, 78% used [0x00000000ec280000,0x00000000ec478810,0x00000000ec500000)
  to   space 2560K, 0% used [0x00000000ec000000,0x00000000ec000000,0x00000000ec280000)
 ParOldGen       total 68608K, used 25138K [0x00000000c0000000, 0x00000000c4300000, 0x00000000eab00000)
  object space 68608K, 36% used [0x00000000c0000000,0x00000000c188cb30,0x00000000c4300000)
 Metaspace       used 44850K, committed 46080K, reserved 1114112K
  class space    used 4686K, committed 5184K, reserved 1048576K
}
Event: 16.315 GC heap after
{Heap after GC invocations=21 (full 2):
 PSYoungGen      total 23552K, used 1616K [0x00000000eab00000, 0x00000000ec400000, 0x0000000100000000)
  eden space 21504K, 0% used [0x00000000eab00000,0x00000000eab00000,0x00000000ec000000)
  from space 2048K, 78% used [0x00000000ec000000,0x00000000ec194010,0x00000000ec200000)
  to   space 2048K, 0% used [0x00000000ec200000,0x00000000ec200000,0x00000000ec400000)
 ParOldGen       total 68608K, used 27073K [0x00000000c0000000, 0x00000000c4300000, 0x00000000eab00000)
  object space 68608K, 39% used [0x00000000c0000000,0x00000000c1a70698,0x00000000c4300000)
 Metaspace       used 44850K, committed 46080K, reserved 1114112K
  class space    used 4686K, committed 5184K, reserved 1048576K
}
Event: 17.469 GC heap before
{Heap before GC invocations=22 (full 2):
 PSYoungGen      total 23552K, used 23120K [0x00000000eab00000, 0x00000000ec400000, 0x0000000100000000)
  eden space 21504K, 100% used [0x00000000eab00000,0x00000000ec000000,0x00000000ec000000)
  from space 2048K, 78% used [0x00000000ec000000,0x00000000ec194010,0x00000000ec200000)
  to   space 2048K, 0% used [0x00000000ec200000,0x00000000ec200000,0x00000000ec400000)
 ParOldGen       total 68608K, used 27073K [0x00000000c0000000, 0x00000000c4300000, 0x00000000eab00000)
  object space 68608K, 39% used [0x00000000c0000000,0x00000000c1a70698,0x00000000c4300000)
 Metaspace       used 46915K, committed 48128K, reserved 1114112K
  class space    used 4917K, committed 5440K, reserved 1048576K
}
Event: 17.474 GC heap after
{Heap after GC invocations=22 (full 2):
 PSYoungGen      total 21504K, used 2025K [0x00000000eab00000, 0x00000000ec800000, 0x0000000100000000)
  eden space 19456K, 0% used [0x00000000eab00000,0x00000000eab00000,0x00000000ebe00000)
  from space 2048K, 98% used [0x00000000ec200000,0x00000000ec3fa700,0x00000000ec400000)
  to   space 4096K, 0% used [0x00000000ebe00000,0x00000000ebe00000,0x00000000ec200000)
 ParOldGen       total 68608K, used 28666K [0x00000000c0000000, 0x00000000c4300000, 0x00000000eab00000)
  object space 68608K, 41% used [0x00000000c0000000,0x00000000c1bfea40,0x00000000c4300000)
 Metaspace       used 46915K, committed 48128K, reserved 1114112K
  class space    used 4917K, committed 5440K, reserved 1048576K
}
Event: 18.925 GC heap before
{Heap before GC invocations=23 (full 2):
 PSYoungGen      total 21504K, used 21481K [0x00000000eab00000, 0x00000000ec800000, 0x0000000100000000)
  eden space 19456K, 100% used [0x00000000eab00000,0x00000000ebe00000,0x00000000ebe00000)
  from space 2048K, 98% used [0x00000000ec200000,0x00000000ec3fa700,0x00000000ec400000)
  to   space 4096K, 0% used [0x00000000ebe00000,0x00000000ebe00000,0x00000000ec200000)
 ParOldGen       total 68608K, used 28666K [0x00000000c0000000, 0x00000000c4300000, 0x00000000eab00000)
  object space 68608K, 41% used [0x00000000c0000000,0x00000000c1bfea40,0x00000000c4300000)
 Metaspace       used 47712K, committed 49024K, reserved 1114112K
  class space    used 5011K, committed 5568K, reserved 1048576K
}
Event: 18.929 GC heap after
{Heap after GC invocations=23 (full 2):
 PSYoungGen      total 20480K, used 594K [0x00000000eab00000, 0x00000000ec280000, 0x0000000100000000)
  eden space 19456K, 0% used [0x00000000eab00000,0x00000000eab00000,0x00000000ebe00000)
  from space 1024K, 58% used [0x00000000ebe00000,0x00000000ebe94a30,0x00000000ebf00000)
  to   space 2048K, 0% used [0x00000000ec080000,0x00000000ec080000,0x00000000ec280000)
 ParOldGen       total 68608K, used 30637K [0x00000000c0000000, 0x00000000c4300000, 0x00000000eab00000)
  object space 68608K, 44% used [0x00000000c0000000,0x00000000c1deb570,0x00000000c4300000)
 Metaspace       used 47712K, committed 49024K, reserved 1114112K
  class space    used 5011K, committed 5568K, reserved 1048576K
}
Event: 19.572 GC heap before
{Heap before GC invocations=24 (full 2):
 PSYoungGen      total 20480K, used 20050K [0x00000000eab00000, 0x00000000ec280000, 0x0000000100000000)
  eden space 19456K, 100% used [0x00000000eab00000,0x00000000ebe00000,0x00000000ebe00000)
  from space 1024K, 58% used [0x00000000ebe00000,0x00000000ebe94a30,0x00000000ebf00000)
  to   space 2048K, 0% used [0x00000000ec080000,0x00000000ec080000,0x00000000ec280000)
 ParOldGen       total 68608K, used 30637K [0x00000000c0000000, 0x00000000c4300000, 0x00000000eab00000)
  object space 68608K, 44% used [0x00000000c0000000,0x00000000c1deb570,0x00000000c4300000)
 Metaspace       used 48616K, committed 49856K, reserved 1114112K
  class space    used 5094K, committed 5632K, reserved 1048576K
}
Event: 19.574 GC heap after
{Heap after GC invocations=24 (full 2):
 PSYoungGen      total 20480K, used 2037K [0x00000000eab00000, 0x00000000ec500000, 0x0000000100000000)
  eden space 18432K, 0% used [0x00000000eab00000,0x00000000eab00000,0x00000000ebd00000)
  from space 2048K, 99% used [0x00000000ec080000,0x00000000ec27d620,0x00000000ec280000)
  to   space 3584K, 0% used [0x00000000ebd00000,0x00000000ebd00000,0x00000000ec080000)
 ParOldGen       total 68608K, used 31391K [0x00000000c0000000, 0x00000000c4300000, 0x00000000eab00000)
  object space 68608K, 45% used [0x00000000c0000000,0x00000000c1ea7e68,0x00000000c4300000)
 Metaspace       used 48616K, committed 49856K, reserved 1114112K
  class space    used 5094K, committed 5632K, reserved 1048576K
}
Event: 20.113 GC heap before
{Heap before GC invocations=25 (full 2):
 PSYoungGen      total 20480K, used 20469K [0x00000000eab00000, 0x00000000ec500000, 0x0000000100000000)
  eden space 18432K, 100% used [0x00000000eab00000,0x00000000ebd00000,0x00000000ebd00000)
  from space 2048K, 99% used [0x00000000ec080000,0x00000000ec27d620,0x00000000ec280000)
  to   space 3584K, 0% used [0x00000000ebd00000,0x00000000ebd00000,0x00000000ec080000)
 ParOldGen       total 68608K, used 31391K [0x00000000c0000000, 0x00000000c4300000, 0x00000000eab00000)
  object space 68608K, 45% used [0x00000000c0000000,0x00000000c1ea7e68,0x00000000c4300000)
 Metaspace       used 50091K, committed 51392K, reserved 1114112K
  class space    used 5211K, committed 5824K, reserved 1048576K
}
Event: 20.119 GC heap after
{Heap after GC invocations=25 (full 2):
 PSYoungGen      total 22016K, used 3340K [0x00000000eab00000, 0x00000000ec400000, 0x0000000100000000)
  eden space 18432K, 0% used [0x00000000eab00000,0x00000000eab00000,0x00000000ebd00000)
  from space 3584K, 93% used [0x00000000ebd00000,0x00000000ec043128,0x00000000ec080000)
  to   space 3584K, 0% used [0x00000000ec080000,0x00000000ec080000,0x00000000ec400000)
 ParOldGen       total 68608K, used 33420K [0x00000000c0000000, 0x00000000c4300000, 0x00000000eab00000)
  object space 68608K, 48% used [0x00000000c0000000,0x00000000c20a32d0,0x00000000c4300000)
 Metaspace       used 50091K, committed 51392K, reserved 1114112K
  class space    used 5211K, committed 5824K, reserved 1048576K
}
Event: 20.486 GC heap before
{Heap before GC invocations=26 (full 2):
 PSYoungGen      total 22016K, used 21772K [0x00000000eab00000, 0x00000000ec400000, 0x0000000100000000)
  eden space 18432K, 100% used [0x00000000eab00000,0x00000000ebd00000,0x00000000ebd00000)
  from space 3584K, 93% used [0x00000000ebd00000,0x00000000ec043128,0x00000000ec080000)
  to   space 3584K, 0% used [0x00000000ec080000,0x00000000ec080000,0x00000000ec400000)
 ParOldGen       total 68608K, used 33420K [0x00000000c0000000, 0x00000000c4300000, 0x00000000eab00000)
  object space 68608K, 48% used [0x00000000c0000000,0x00000000c20a32d0,0x00000000c4300000)
 Metaspace       used 50876K, committed 52160K, reserved 1114112K
  class space    used 5289K, committed 5888K, reserved 1048576K
}
Event: 20.495 GC heap after
{Heap after GC invocations=26 (full 2):
 PSYoungGen      total 20992K, used 2348K [0x00000000eab00000, 0x00000000ec300000, 0x0000000100000000)
  eden space 18432K, 0% used [0x00000000eab00000,0x00000000eab00000,0x00000000ebd00000)
  from space 2560K, 91% used [0x00000000ec080000,0x00000000ec2cb120,0x00000000ec300000)
  to   space 3072K, 0% used [0x00000000ebd00000,0x00000000ebd00000,0x00000000ec000000)
 ParOldGen       total 68608K, used 36684K [0x00000000c0000000, 0x00000000c4300000, 0x00000000eab00000)
  object space 68608K, 53% used [0x00000000c0000000,0x00000000c23d30c8,0x00000000c4300000)
 Metaspace       used 50876K, committed 52160K, reserved 1114112K
  class space    used 5289K, committed 5888K, reserved 1048576K
}
Event: 20.649 GC heap before
{Heap before GC invocations=27 (full 2):
 PSYoungGen      total 20992K, used 20780K [0x00000000eab00000, 0x00000000ec300000, 0x0000000100000000)
  eden space 18432K, 100% used [0x00000000eab00000,0x00000000ebd00000,0x00000000ebd00000)
  from space 2560K, 91% used [0x00000000ec080000,0x00000000ec2cb120,0x00000000ec300000)
  to   space 3072K, 0% used [0x00000000ebd00000,0x00000000ebd00000,0x00000000ec000000)
 ParOldGen       total 68608K, used 36684K [0x00000000c0000000, 0x00000000c4300000, 0x00000000eab00000)
  object space 68608K, 53% used [0x00000000c0000000,0x00000000c23d30c8,0x00000000c4300000)
 Metaspace       used 50889K, committed 52160K, reserved 1114112K
  class space    used 5289K, committed 5888K, reserved 1048576K
}
Event: 20.654 GC heap after
{Heap after GC invocations=27 (full 2):
 PSYoungGen      total 19968K, used 1282K [0x00000000eab00000, 0x00000000ec100000, 0x0000000100000000)
  eden space 18432K, 0% used [0x00000000eab00000,0x00000000eab00000,0x00000000ebd00000)
  from space 1536K, 83% used [0x00000000ebd00000,0x00000000ebe40ab0,0x00000000ebe80000)
  to   space 2048K, 0% used [0x00000000ebf00000,0x00000000ebf00000,0x00000000ec100000)
 ParOldGen       total 68608K, used 38258K [0x00000000c0000000, 0x00000000c4300000, 0x00000000eab00000)
  object space 68608K, 55% used [0x00000000c0000000,0x00000000c255ca58,0x00000000c4300000)
 Metaspace       used 50889K, committed 52160K, reserved 1114112K
  class space    used 5289K, committed 5888K, reserved 1048576K
}
Event: 21.839 GC heap before
{Heap before GC invocations=28 (full 2):
 PSYoungGen      total 19968K, used 19714K [0x00000000eab00000, 0x00000000ec100000, 0x0000000100000000)
  eden space 18432K, 100% used [0x00000000eab00000,0x00000000ebd00000,0x00000000ebd00000)
  from space 1536K, 83% used [0x00000000ebd00000,0x00000000ebe40ab0,0x00000000ebe80000)
  to   space 2048K, 0% used [0x00000000ebf00000,0x00000000ebf00000,0x00000000ec100000)
 ParOldGen       total 68608K, used 38258K [0x00000000c0000000, 0x00000000c4300000, 0x00000000eab00000)
  object space 68608K, 55% used [0x00000000c0000000,0x00000000c255ca58,0x00000000c4300000)
 Metaspace       used 52034K, committed 53376K, reserved 1114112K
  class space    used 5393K, committed 6016K, reserved 1048576K
}
Event: 21.842 GC heap after
{Heap after GC invocations=28 (full 2):
 PSYoungGen      total 20480K, used 1649K [0x00000000eab00000, 0x00000000ec100000, 0x0000000100000000)
  eden space 18432K, 0% used [0x00000000eab00000,0x00000000eab00000,0x00000000ebd00000)
  from space 2048K, 80% used [0x00000000ebf00000,0x00000000ec09c790,0x00000000ec100000)
  to   space 2048K, 0% used [0x00000000ebd00000,0x00000000ebd00000,0x00000000ebf00000)
 ParOldGen       total 68608K, used 38499K [0x00000000c0000000, 0x00000000c4300000, 0x00000000eab00000)
  object space 68608K, 56% used [0x00000000c0000000,0x00000000c2598df8,0x00000000c4300000)
 Metaspace       used 52034K, committed 53376K, reserved 1114112K
  class space    used 5393K, committed 6016K, reserved 1048576K
}
Event: 22.860 GC heap before
{Heap before GC invocations=29 (full 2):
 PSYoungGen      total 20480K, used 20081K [0x00000000eab00000, 0x00000000ec100000, 0x0000000100000000)
  eden space 18432K, 100% used [0x00000000eab00000,0x00000000ebd00000,0x00000000ebd00000)
  from space 2048K, 80% used [0x00000000ebf00000,0x00000000ec09c790,0x00000000ec100000)
  to   space 2048K, 0% used [0x00000000ebd00000,0x00000000ebd00000,0x00000000ebf00000)
 ParOldGen       total 68608K, used 38499K [0x00000000c0000000, 0x00000000c4300000, 0x00000000eab00000)
  object space 68608K, 56% used [0x00000000c0000000,0x00000000c2598df8,0x00000000c4300000)
 Metaspace       used 52328K, committed 53632K, reserved 1114112K
  class space    used 5412K, committed 6016K, reserved 1048576K
}
Event: 22.864 GC heap after
{Heap after GC invocations=29 (full 2):
 PSYoungGen      total 20480K, used 1883K [0x00000000eab00000, 0x00000000ec100000, 0x0000000100000000)
  eden space 18432K, 0% used [0x00000000eab00000,0x00000000eab00000,0x00000000ebd00000)
  from space 2048K, 91% used [0x00000000ebd00000,0x00000000ebed6c78,0x00000000ebf00000)
  to   space 2048K, 0% used [0x00000000ebf00000,0x00000000ebf00000,0x00000000ec100000)
 ParOldGen       total 68608K, used 40016K [0x00000000c0000000, 0x00000000c4300000, 0x00000000eab00000)
  object space 68608K, 58% used [0x00000000c0000000,0x00000000c27140f8,0x00000000c4300000)
 Metaspace       used 52328K, committed 53632K, reserved 1114112K
  class space    used 5412K, committed 6016K, reserved 1048576K
}

