# JRE version: OpenJDK Runtime Environment Temurin-21.0.5+11 (21.0.5+11) (build 21.0.5+11-LTS)
# Java VM: OpenJDK 64-Bit Server VM Temurin-21.0.5+11 (21.0.5+11-LTS, mixed mode, sharing, tiered, compressed oops, compressed class ptrs, parallel gc, windows-amd64)
GC Precious Log:
 CardTable entry size: 512
 CPUs: 4 total, 4 available
 Memory: 3804M
 Large Page Support: Disabled
 NUMA Support: Disabled
 Compressed Oops: Enabled (32-bit)
 Alignments: Space 512K, Generation 512K, Heap 2M
 Heap Min Capacity: 100M
 Heap Initial Capacity: 100M
 Heap Max Capacity: 1G
 Pre-touch: Disabled
 Parallel Workers: 4
Heap:
 PSYoungGen      total 23552K, used 23376K [0x00000000eab00000, 0x00000000ec580000, 0x0000000100000000)
  eden space 21504K, 99% used [0x00000000eab00000,0x00000000ebfe6150,0x00000000ec000000)
  from space 2048K, 96% used [0x00000000ec280000,0x00000000ec46e240,0x00000000ec480000)
  to   space 2560K, 0% used [0x00000000ec000000,0x00000000ec000000,0x00000000ec280000)
 ParOldGen       total 68608K, used 24074K [0x00000000c0000000, 0x00000000c4300000, 0x00000000eab00000)
  object space 68608K, 35% used [0x00000000c0000000,0x00000000c1782bc8,0x00000000c4300000)
 Metaspace       used 46299K, committed 47488K, reserved 1114112K
  class space    used 4904K, committed 5440K, reserved 1048576K
GC Heap History (20 events):
Event: 12.436 GC heap before
{Heap before GC invocations=11 (full 1):
 PSYoungGen      total 26112K, used 26048K [0x00000000eab00000, 0x00000000ec880000, 0x0000000100000000)
  eden space 23552K, 100% used [0x00000000eab00000,0x00000000ec200000,0x00000000ec200000)
  from space 2560K, 97% used [0x00000000ec400000,0x00000000ec6702e8,0x00000000ec680000)
  to   space 2048K, 0% used [0x00000000ec680000,0x00000000ec680000,0x00000000ec880000)
 ParOldGen       total 68608K, used 13053K [0x00000000c0000000, 0x00000000c4300000, 0x00000000eab00000)
  object space 68608K, 19% used [0x00000000c0000000,0x00000000c0cbf448,0x00000000c4300000)
 Metaspace       used 28244K, committed 29184K, reserved 1114112K
  class space    used 2717K, committed 3072K, reserved 1048576K
}
Event: 12.440 GC heap after
{Heap after GC invocations=11 (full 1):
 PSYoungGen      total 25088K, used 1787K [0x00000000eab00000, 0x00000000ec880000, 0x0000000100000000)
  eden space 23040K, 0% used [0x00000000eab00000,0x00000000eab00000,0x00000000ec180000)
  from space 2048K, 87% used [0x00000000ec680000,0x00000000ec83eda0,0x00000000ec880000)
  to   space 2048K, 0% used [0x00000000ec480000,0x00000000ec480000,0x00000000ec680000)
 ParOldGen       total 68608K, used 14337K [0x00000000c0000000, 0x00000000c4300000, 0x00000000eab00000)
  object space 68608K, 20% used [0x00000000c0000000,0x00000000c0e00428,0x00000000c4300000)
 Metaspace       used 28244K, committed 29184K, reserved 1114112K
  class space    used 2717K, committed 3072K, reserved 1048576K
}
Event: 13.116 GC heap before
{Heap before GC invocations=12 (full 1):
 PSYoungGen      total 25088K, used 24821K [0x00000000eab00000, 0x00000000ec880000, 0x0000000100000000)
  eden space 23040K, 99% used [0x00000000eab00000,0x00000000ec17e6b8,0x00000000ec180000)
  from space 2048K, 87% used [0x00000000ec680000,0x00000000ec83eda0,0x00000000ec880000)
  to   space 2048K, 0% used [0x00000000ec480000,0x00000000ec480000,0x00000000ec680000)
 ParOldGen       total 68608K, used 14337K [0x00000000c0000000, 0x00000000c4300000, 0x00000000eab00000)
  object space 68608K, 20% used [0x00000000c0000000,0x00000000c0e00428,0x00000000c4300000)
 Metaspace       used 31565K, committed 32576K, reserved 1114112K
  class space    used 3113K, committed 3520K, reserved 1048576K
}
Event: 13.121 GC heap after
{Heap after GC invocations=12 (full 1):
 PSYoungGen      total 24064K, used 1394K [0x00000000eab00000, 0x00000000ec700000, 0x0000000100000000)
  eden space 22528K, 0% used [0x00000000eab00000,0x00000000eab00000,0x00000000ec100000)
  from space 1536K, 90% used [0x00000000ec480000,0x00000000ec5dcaa0,0x00000000ec600000)
  to   space 1024K, 0% used [0x00000000ec600000,0x00000000ec600000,0x00000000ec700000)
 ParOldGen       total 68608K, used 15974K [0x00000000c0000000, 0x00000000c4300000, 0x00000000eab00000)
  object space 68608K, 23% used [0x00000000c0000000,0x00000000c0f99a20,0x00000000c4300000)
 Metaspace       used 31565K, committed 32576K, reserved 1114112K
  class space    used 3113K, committed 3520K, reserved 1048576K
}
Event: 13.911 GC heap before
{Heap before GC invocations=13 (full 1):
 PSYoungGen      total 24064K, used 23922K [0x00000000eab00000, 0x00000000ec700000, 0x0000000100000000)
  eden space 22528K, 100% used [0x00000000eab00000,0x00000000ec100000,0x00000000ec100000)
  from space 1536K, 90% used [0x00000000ec480000,0x00000000ec5dcaa0,0x00000000ec600000)
  to   space 1024K, 0% used [0x00000000ec600000,0x00000000ec600000,0x00000000ec700000)
 ParOldGen       total 68608K, used 15974K [0x00000000c0000000, 0x00000000c4300000, 0x00000000eab00000)
  object space 68608K, 23% used [0x00000000c0000000,0x00000000c0f99a20,0x00000000c4300000)
 Metaspace       used 33468K, committed 34560K, reserved 1114112K
  class space    used 3353K, committed 3776K, reserved 1048576K
}
Event: 13.915 GC heap after
{Heap after GC invocations=13 (full 1):
 PSYoungGen      total 23040K, used 1007K [0x00000000eab00000, 0x00000000ec700000, 0x0000000100000000)
  eden space 22016K, 0% used [0x00000000eab00000,0x00000000eab00000,0x00000000ec080000)
  from space 1024K, 98% used [0x00000000ec600000,0x00000000ec6fbe88,0x00000000ec700000)
  to   space 3072K, 0% used [0x00000000ec100000,0x00000000ec100000,0x00000000ec400000)
 ParOldGen       total 68608K, used 17525K [0x00000000c0000000, 0x00000000c4300000, 0x00000000eab00000)
  object space 68608K, 25% used [0x00000000c0000000,0x00000000c111d538,0x00000000c4300000)
 Metaspace       used 33468K, committed 34560K, reserved 1114112K
  class space    used 3353K, committed 3776K, reserved 1048576K
}
Event: 14.044 GC heap before
{Heap before GC invocations=14 (full 1):
 PSYoungGen      total 23040K, used 12371K [0x00000000eab00000, 0x00000000ec700000, 0x0000000100000000)
  eden space 22016K, 51% used [0x00000000eab00000,0x00000000eb618dd8,0x00000000ec080000)
  from space 1024K, 98% used [0x00000000ec600000,0x00000000ec6fbe88,0x00000000ec700000)
  to   space 3072K, 0% used [0x00000000ec100000,0x00000000ec100000,0x00000000ec400000)
 ParOldGen       total 68608K, used 17525K [0x00000000c0000000, 0x00000000c4300000, 0x00000000eab00000)
  object space 68608K, 25% used [0x00000000c0000000,0x00000000c111d538,0x00000000c4300000)
 Metaspace       used 34800K, committed 35840K, reserved 1114112K
  class space    used 3503K, committed 3968K, reserved 1048576K
}
Event: 14.047 GC heap after
{Heap after GC invocations=14 (full 1):
 PSYoungGen      total 25088K, used 606K [0x00000000eab00000, 0x00000000ec680000, 0x0000000100000000)
  eden space 22016K, 0% used [0x00000000eab00000,0x00000000eab00000,0x00000000ec080000)
  from space 3072K, 19% used [0x00000000ec100000,0x00000000ec197828,0x00000000ec400000)
  to   space 1536K, 0% used [0x00000000ec500000,0x00000000ec500000,0x00000000ec680000)
 ParOldGen       total 68608K, used 18462K [0x00000000c0000000, 0x00000000c4300000, 0x00000000eab00000)
  object space 68608K, 26% used [0x00000000c0000000,0x00000000c12078b0,0x00000000c4300000)
 Metaspace       used 34800K, committed 35840K, reserved 1114112K
  class space    used 3503K, committed 3968K, reserved 1048576K
}
Event: 14.047 GC heap before
{Heap before GC invocations=15 (full 2):
 PSYoungGen      total 25088K, used 606K [0x00000000eab00000, 0x00000000ec680000, 0x0000000100000000)
  eden space 22016K, 0% used [0x00000000eab00000,0x00000000eab00000,0x00000000ec080000)
  from space 3072K, 19% used [0x00000000ec100000,0x00000000ec197828,0x00000000ec400000)
  to   space 1536K, 0% used [0x00000000ec500000,0x00000000ec500000,0x00000000ec680000)
 ParOldGen       total 68608K, used 18462K [0x00000000c0000000, 0x00000000c4300000, 0x00000000eab00000)
  object space 68608K, 26% used [0x00000000c0000000,0x00000000c12078b0,0x00000000c4300000)
 Metaspace       used 34800K, committed 35840K, reserved 1114112K
  class space    used 3503K, committed 3968K, reserved 1048576K
}
Event: 14.119 GC heap after
{Heap after GC invocations=15 (full 2):
 PSYoungGen      total 25088K, used 0K [0x00000000eab00000, 0x00000000ec680000, 0x0000000100000000)
  eden space 22016K, 0% used [0x00000000eab00000,0x00000000eab00000,0x00000000ec080000)
  from space 3072K, 0% used [0x00000000ec100000,0x00000000ec100000,0x00000000ec400000)
  to   space 1536K, 0% used [0x00000000ec500000,0x00000000ec500000,0x00000000ec680000)
 ParOldGen       total 68608K, used 18452K [0x00000000c0000000, 0x00000000c4300000, 0x00000000eab00000)
  object space 68608K, 26% used [0x00000000c0000000,0x00000000c1205238,0x00000000c4300000)
 Metaspace       used 34800K, committed 35840K, reserved 1114112K
  class space    used 3503K, committed 3968K, reserved 1048576K
}
Event: 14.489 GC heap before
{Heap before GC invocations=16 (full 2):
 PSYoungGen      total 25088K, used 22016K [0x00000000eab00000, 0x00000000ec680000, 0x0000000100000000)
  eden space 22016K, 100% used [0x00000000eab00000,0x00000000ec080000,0x00000000ec080000)
  from space 3072K, 0% used [0x00000000ec100000,0x00000000ec100000,0x00000000ec400000)
  to   space 1536K, 0% used [0x00000000ec500000,0x00000000ec500000,0x00000000ec680000)
 ParOldGen       total 68608K, used 18452K [0x00000000c0000000, 0x00000000c4300000, 0x00000000eab00000)
  object space 68608K, 26% used [0x00000000c0000000,0x00000000c1205238,0x00000000c4300000)
 Metaspace       used 37117K, committed 38272K, reserved 1114112K
  class space    used 3807K, committed 4288K, reserved 1048576K
}
Event: 14.494 GC heap after
{Heap after GC invocations=16 (full 2):
 PSYoungGen      total 23552K, used 1536K [0x00000000eab00000, 0x00000000ec680000, 0x0000000100000000)
  eden space 22016K, 0% used [0x00000000eab00000,0x00000000eab00000,0x00000000ec080000)
  from space 1536K, 100% used [0x00000000ec500000,0x00000000ec680000,0x00000000ec680000)
  to   space 2048K, 0% used [0x00000000ec280000,0x00000000ec280000,0x00000000ec480000)
 ParOldGen       total 68608K, used 18564K [0x00000000c0000000, 0x00000000c4300000, 0x00000000eab00000)
  object space 68608K, 27% used [0x00000000c0000000,0x00000000c1221238,0x00000000c4300000)
 Metaspace       used 37117K, committed 38272K, reserved 1114112K
  class space    used 3807K, committed 4288K, reserved 1048576K
}
Event: 15.088 GC heap before
{Heap before GC invocations=17 (full 2):
 PSYoungGen      total 23552K, used 23508K [0x00000000eab00000, 0x00000000ec680000, 0x0000000100000000)
  eden space 22016K, 99% used [0x00000000eab00000,0x00000000ec075390,0x00000000ec080000)
  from space 1536K, 100% used [0x00000000ec500000,0x00000000ec680000,0x00000000ec680000)
  to   space 2048K, 0% used [0x00000000ec280000,0x00000000ec280000,0x00000000ec480000)
 ParOldGen       total 68608K, used 18564K [0x00000000c0000000, 0x00000000c4300000, 0x00000000eab00000)
  object space 68608K, 27% used [0x00000000c0000000,0x00000000c1221238,0x00000000c4300000)
 Metaspace       used 39473K, committed 40576K, reserved 1114112K
  class space    used 4087K, committed 4544K, reserved 1048576K
}
Event: 15.094 GC heap after
{Heap after GC invocations=17 (full 2):
 PSYoungGen      total 23552K, used 1280K [0x00000000eab00000, 0x00000000ec580000, 0x0000000100000000)
  eden space 22016K, 0% used [0x00000000eab00000,0x00000000eab00000,0x00000000ec080000)
  from space 1536K, 83% used [0x00000000ec280000,0x00000000ec3c0000,0x00000000ec400000)
  to   space 1536K, 0% used [0x00000000ec400000,0x00000000ec400000,0x00000000ec580000)
 ParOldGen       total 68608K, used 20006K [0x00000000c0000000, 0x00000000c4300000, 0x00000000eab00000)
  object space 68608K, 29% used [0x00000000c0000000,0x00000000c1389b10,0x00000000c4300000)
 Metaspace       used 39473K, committed 40576K, reserved 1114112K
  class space    used 4087K, committed 4544K, reserved 1048576K
}
Event: 15.725 GC heap before
{Heap before GC invocations=18 (full 2):
 PSYoungGen      total 23552K, used 23296K [0x00000000eab00000, 0x00000000ec580000, 0x0000000100000000)
  eden space 22016K, 100% used [0x00000000eab00000,0x00000000ec080000,0x00000000ec080000)
  from space 1536K, 83% used [0x00000000ec280000,0x00000000ec3c0000,0x00000000ec400000)
  to   space 1536K, 0% used [0x00000000ec400000,0x00000000ec400000,0x00000000ec580000)
 ParOldGen       total 68608K, used 20006K [0x00000000c0000000, 0x00000000c4300000, 0x00000000eab00000)
  object space 68608K, 29% used [0x00000000c0000000,0x00000000c1389b10,0x00000000c4300000)
 Metaspace       used 42042K, committed 43264K, reserved 1114112K
  class space    used 4400K, committed 4928K, reserved 1048576K
}
Event: 15.732 GC heap after
{Heap after GC invocations=18 (full 2):
 PSYoungGen      total 23552K, used 1517K [0x00000000eab00000, 0x00000000ec780000, 0x0000000100000000)
  eden space 22016K, 0% used [0x00000000eab00000,0x00000000eab00000,0x00000000ec080000)
  from space 1536K, 98% used [0x00000000ec400000,0x00000000ec57b510,0x00000000ec580000)
  to   space 3584K, 0% used [0x00000000ec080000,0x00000000ec080000,0x00000000ec400000)
 ParOldGen       total 68608K, used 21546K [0x00000000c0000000, 0x00000000c4300000, 0x00000000eab00000)
  object space 68608K, 31% used [0x00000000c0000000,0x00000000c150a9e0,0x00000000c4300000)
 Metaspace       used 42042K, committed 43264K, reserved 1114112K
  class space    used 4400K, committed 4928K, reserved 1048576K
}
Event: 16.630 GC heap before
{Heap before GC invocations=19 (full 2):
 PSYoungGen      total 23552K, used 23533K [0x00000000eab00000, 0x00000000ec780000, 0x0000000100000000)
  eden space 22016K, 100% used [0x00000000eab00000,0x00000000ec080000,0x00000000ec080000)
  from space 1536K, 98% used [0x00000000ec400000,0x00000000ec57b510,0x00000000ec580000)
  to   space 3584K, 0% used [0x00000000ec080000,0x00000000ec080000,0x00000000ec400000)
 ParOldGen       total 68608K, used 21546K [0x00000000c0000000, 0x00000000c4300000, 0x00000000eab00000)
  object space 68608K, 31% used [0x00000000c0000000,0x00000000c150a9e0,0x00000000c4300000)
 Metaspace       used 44188K, committed 45376K, reserved 1114112K
  class space    used 4648K, committed 5184K, reserved 1048576K
}
Event: 16.639 GC heap after
{Heap after GC invocations=19 (full 2):
 PSYoungGen      total 23552K, used 1145K [0x00000000eab00000, 0x00000000ec480000, 0x0000000100000000)
  eden space 22016K, 0% used [0x00000000eab00000,0x00000000eab00000,0x00000000ec080000)
  from space 1536K, 74% used [0x00000000ec080000,0x00000000ec19e470,0x00000000ec200000)
  to   space 2048K, 0% used [0x00000000ec280000,0x00000000ec280000,0x00000000ec480000)
 ParOldGen       total 68608K, used 23031K [0x00000000c0000000, 0x00000000c4300000, 0x00000000eab00000)
  object space 68608K, 33% used [0x00000000c0000000,0x00000000c167def0,0x00000000c4300000)
 Metaspace       used 44188K, committed 45376K, reserved 1114112K
  class space    used 4648K, committed 5184K, reserved 1048576K
}
Event: 17.358 GC heap before
{Heap before GC invocations=20 (full 2):
 PSYoungGen      total 23552K, used 23161K [0x00000000eab00000, 0x00000000ec480000, 0x0000000100000000)
  eden space 22016K, 100% used [0x00000000eab00000,0x00000000ec080000,0x00000000ec080000)
  from space 1536K, 74% used [0x00000000ec080000,0x00000000ec19e470,0x00000000ec200000)
  to   space 2048K, 0% used [0x00000000ec280000,0x00000000ec280000,0x00000000ec480000)
 ParOldGen       total 68608K, used 23031K [0x00000000c0000000, 0x00000000c4300000, 0x00000000eab00000)
  object space 68608K, 33% used [0x00000000c0000000,0x00000000c167def0,0x00000000c4300000)
 Metaspace       used 45581K, committed 46784K, reserved 1114112K
  class space    used 4839K, committed 5376K, reserved 1048576K
}
Event: 17.364 GC heap after
{Heap after GC invocations=20 (full 2):
 PSYoungGen      total 23552K, used 1976K [0x00000000eab00000, 0x00000000ec580000, 0x0000000100000000)
  eden space 21504K, 0% used [0x00000000eab00000,0x00000000eab00000,0x00000000ec000000)
  from space 2048K, 96% used [0x00000000ec280000,0x00000000ec46e240,0x00000000ec480000)
  to   space 2560K, 0% used [0x00000000ec000000,0x00000000ec000000,0x00000000ec280000)
 ParOldGen       total 68608K, used 24074K [0x00000000c0000000, 0x00000000c4300000, 0x00000000eab00000)
  object space 68608K, 35% used [0x00000000c0000000,0x00000000c1782bc8,0x00000000c4300000)
 Metaspace       used 45581K, committed 46784K, reserved 1114112K
  class space    used 4839K, committed 5376K, reserved 1048576K
}

