# JRE version: OpenJDK Runtime Environment Temurin-21.0.5+11 (21.0.5+11) (build 21.0.5+11-LTS)
# Java VM: OpenJDK 64-Bit Server VM Temurin-21.0.5+11 (21.0.5+11-LTS, mixed mode, sharing, tiered, compressed oops, compressed class ptrs, parallel gc, windows-amd64)
GC Precious Log:
 CardTable entry size: 512
 CPUs: 4 total, 4 available
 Memory: 3804M
 Large Page Support: Disabled
 NUMA Support: Disabled
 Compressed Oops: Enabled (32-bit)
 Alignments: Space 512K, Generation 512K, Heap 2M
 Heap Min Capacity: 100M
 Heap Initial Capacity: 100M
 Heap Max Capacity: 1G
 Pre-touch: Disabled
 Parallel Workers: 4
Heap:
 PSYoungGen      total 24576K, used 21254K [0x00000000eab00000, 0x00000000ec580000, 0x0000000100000000)
  eden space 22016K, 86% used [0x00000000eab00000,0x00000000ebd8d608,0x00000000ec080000)
  from space 2560K, 88% used [0x00000000ec080000,0x00000000ec2b4410,0x00000000ec300000)
  to   space 2560K, 0% used [0x00000000ec300000,0x00000000ec300000,0x00000000ec580000)
 ParOldGen       total 68608K, used 26001K [0x00000000c0000000, 0x00000000c4300000, 0x00000000eab00000)
  object space 68608K, 37% used [0x00000000c0000000,0x00000000c1964438,0x00000000c4300000)
 Metaspace       used 47449K, committed 48704K, reserved 1114112K
  class space    used 5037K, committed 5632K, reserved 1048576K
GC Heap History (20 events):
Event: 16.264 GC heap before
{Heap before GC invocations=12 (full 1):
 PSYoungGen      total 24576K, used 24555K [0x00000000eab00000, 0x00000000ec900000, 0x0000000100000000)
  eden space 23040K, 100% used [0x00000000eab00000,0x00000000ec180000,0x00000000ec180000)
  from space 1536K, 98% used [0x00000000ec780000,0x00000000ec8fac88,0x00000000ec900000)
  to   space 3584K, 0% used [0x00000000ec200000,0x00000000ec200000,0x00000000ec580000)
 ParOldGen       total 68608K, used 15624K [0x00000000c0000000, 0x00000000c4300000, 0x00000000eab00000)
  object space 68608K, 22% used [0x00000000c0000000,0x00000000c0f42000,0x00000000c4300000)
 Metaspace       used 30755K, committed 31744K, reserved 1114112K
  class space    used 3032K, committed 3456K, reserved 1048576K
}
Event: 16.267 GC heap after
{Heap after GC invocations=12 (full 1):
 PSYoungGen      total 26112K, used 1428K [0x00000000eab00000, 0x00000000ec800000, 0x0000000100000000)
  eden space 22528K, 0% used [0x00000000eab00000,0x00000000eab00000,0x00000000ec100000)
  from space 3584K, 39% used [0x00000000ec200000,0x00000000ec365288,0x00000000ec580000)
  to   space 2560K, 0% used [0x00000000ec580000,0x00000000ec580000,0x00000000ec800000)
 ParOldGen       total 68608K, used 17129K [0x00000000c0000000, 0x00000000c4300000, 0x00000000eab00000)
  object space 68608K, 24% used [0x00000000c0000000,0x00000000c10ba570,0x00000000c4300000)
 Metaspace       used 30755K, committed 31744K, reserved 1114112K
  class space    used 3032K, committed 3456K, reserved 1048576K
}
Event: 17.647 GC heap before
{Heap before GC invocations=13 (full 1):
 PSYoungGen      total 26112K, used 23956K [0x00000000eab00000, 0x00000000ec800000, 0x0000000100000000)
  eden space 22528K, 100% used [0x00000000eab00000,0x00000000ec100000,0x00000000ec100000)
  from space 3584K, 39% used [0x00000000ec200000,0x00000000ec365288,0x00000000ec580000)
  to   space 2560K, 0% used [0x00000000ec580000,0x00000000ec580000,0x00000000ec800000)
 ParOldGen       total 68608K, used 17129K [0x00000000c0000000, 0x00000000c4300000, 0x00000000eab00000)
  object space 68608K, 24% used [0x00000000c0000000,0x00000000c10ba570,0x00000000c4300000)
 Metaspace       used 33293K, committed 34368K, reserved 1114112K
  class space    used 3333K, committed 3776K, reserved 1048576K
}
Event: 17.652 GC heap after
{Heap after GC invocations=13 (full 1):
 PSYoungGen      total 23040K, used 983K [0x00000000eab00000, 0x00000000ec680000, 0x0000000100000000)
  eden space 22016K, 0% used [0x00000000eab00000,0x00000000eab00000,0x00000000ec080000)
  from space 1024K, 96% used [0x00000000ec580000,0x00000000ec675f70,0x00000000ec680000)
  to   space 1536K, 0% used [0x00000000ec380000,0x00000000ec380000,0x00000000ec500000)
 ParOldGen       total 68608K, used 18312K [0x00000000c0000000, 0x00000000c4300000, 0x00000000eab00000)
  object space 68608K, 26% used [0x00000000c0000000,0x00000000c11e2360,0x00000000c4300000)
 Metaspace       used 33293K, committed 34368K, reserved 1114112K
  class space    used 3333K, committed 3776K, reserved 1048576K
}
Event: 18.166 GC heap before
{Heap before GC invocations=14 (full 1):
 PSYoungGen      total 23040K, used 15546K [0x00000000eab00000, 0x00000000ec680000, 0x0000000100000000)
  eden space 22016K, 66% used [0x00000000eab00000,0x00000000eb938950,0x00000000ec080000)
  from space 1024K, 96% used [0x00000000ec580000,0x00000000ec675f70,0x00000000ec680000)
  to   space 1536K, 0% used [0x00000000ec380000,0x00000000ec380000,0x00000000ec500000)
 ParOldGen       total 68608K, used 18312K [0x00000000c0000000, 0x00000000c4300000, 0x00000000eab00000)
  object space 68608K, 26% used [0x00000000c0000000,0x00000000c11e2360,0x00000000c4300000)
 Metaspace       used 34764K, committed 35840K, reserved 1114112K
  class space    used 3520K, committed 4032K, reserved 1048576K
}
Event: 18.169 GC heap after
{Heap after GC invocations=14 (full 1):
 PSYoungGen      total 23552K, used 1255K [0x00000000eab00000, 0x00000000ec600000, 0x0000000100000000)
  eden space 22016K, 0% used [0x00000000eab00000,0x00000000eab00000,0x00000000ec080000)
  from space 1536K, 81% used [0x00000000ec380000,0x00000000ec4b9c60,0x00000000ec500000)
  to   space 1024K, 0% used [0x00000000ec500000,0x00000000ec500000,0x00000000ec600000)
 ParOldGen       total 68608K, used 19070K [0x00000000c0000000, 0x00000000c4300000, 0x00000000eab00000)
  object space 68608K, 27% used [0x00000000c0000000,0x00000000c129fbf0,0x00000000c4300000)
 Metaspace       used 34764K, committed 35840K, reserved 1114112K
  class space    used 3520K, committed 4032K, reserved 1048576K
}
Event: 18.169 GC heap before
{Heap before GC invocations=15 (full 2):
 PSYoungGen      total 23552K, used 1255K [0x00000000eab00000, 0x00000000ec600000, 0x0000000100000000)
  eden space 22016K, 0% used [0x00000000eab00000,0x00000000eab00000,0x00000000ec080000)
  from space 1536K, 81% used [0x00000000ec380000,0x00000000ec4b9c60,0x00000000ec500000)
  to   space 1024K, 0% used [0x00000000ec500000,0x00000000ec500000,0x00000000ec600000)
 ParOldGen       total 68608K, used 19070K [0x00000000c0000000, 0x00000000c4300000, 0x00000000eab00000)
  object space 68608K, 27% used [0x00000000c0000000,0x00000000c129fbf0,0x00000000c4300000)
 Metaspace       used 34764K, committed 35840K, reserved 1114112K
  class space    used 3520K, committed 4032K, reserved 1048576K
}
Event: 18.237 GC heap after
{Heap after GC invocations=15 (full 2):
 PSYoungGen      total 23552K, used 0K [0x00000000eab00000, 0x00000000ec600000, 0x0000000100000000)
  eden space 22016K, 0% used [0x00000000eab00000,0x00000000eab00000,0x00000000ec080000)
  from space 1536K, 0% used [0x00000000ec380000,0x00000000ec380000,0x00000000ec500000)
  to   space 1024K, 0% used [0x00000000ec500000,0x00000000ec500000,0x00000000ec600000)
 ParOldGen       total 68608K, used 18585K [0x00000000c0000000, 0x00000000c4300000, 0x00000000eab00000)
  object space 68608K, 27% used [0x00000000c0000000,0x00000000c12265c0,0x00000000c4300000)
 Metaspace       used 34764K, committed 35840K, reserved 1114112K
  class space    used 3520K, committed 4032K, reserved 1048576K
}
Event: 18.740 GC heap before
{Heap before GC invocations=16 (full 2):
 PSYoungGen      total 23552K, used 22016K [0x00000000eab00000, 0x00000000ec600000, 0x0000000100000000)
  eden space 22016K, 100% used [0x00000000eab00000,0x00000000ec080000,0x00000000ec080000)
  from space 1536K, 0% used [0x00000000ec380000,0x00000000ec380000,0x00000000ec500000)
  to   space 1024K, 0% used [0x00000000ec500000,0x00000000ec500000,0x00000000ec600000)
 ParOldGen       total 68608K, used 18585K [0x00000000c0000000, 0x00000000c4300000, 0x00000000eab00000)
  object space 68608K, 27% used [0x00000000c0000000,0x00000000c12265c0,0x00000000c4300000)
 Metaspace       used 37501K, committed 38720K, reserved 1114112K
  class space    used 3831K, committed 4352K, reserved 1048576K
}
Event: 18.744 GC heap after
{Heap after GC invocations=16 (full 2):
 PSYoungGen      total 23040K, used 1008K [0x00000000eab00000, 0x00000000ec600000, 0x0000000100000000)
  eden space 22016K, 0% used [0x00000000eab00000,0x00000000eab00000,0x00000000ec080000)
  from space 1024K, 98% used [0x00000000ec500000,0x00000000ec5fc010,0x00000000ec600000)
  to   space 2048K, 0% used [0x00000000ec200000,0x00000000ec200000,0x00000000ec400000)
 ParOldGen       total 68608K, used 19217K [0x00000000c0000000, 0x00000000c4300000, 0x00000000eab00000)
  object space 68608K, 28% used [0x00000000c0000000,0x00000000c12c45c0,0x00000000c4300000)
 Metaspace       used 37501K, committed 38720K, reserved 1114112K
  class space    used 3831K, committed 4352K, reserved 1048576K
}
Event: 19.567 GC heap before
{Heap before GC invocations=17 (full 2):
 PSYoungGen      total 23040K, used 23024K [0x00000000eab00000, 0x00000000ec600000, 0x0000000100000000)
  eden space 22016K, 100% used [0x00000000eab00000,0x00000000ec080000,0x00000000ec080000)
  from space 1024K, 98% used [0x00000000ec500000,0x00000000ec5fc010,0x00000000ec600000)
  to   space 2048K, 0% used [0x00000000ec200000,0x00000000ec200000,0x00000000ec400000)
 ParOldGen       total 68608K, used 19217K [0x00000000c0000000, 0x00000000c4300000, 0x00000000eab00000)
  object space 68608K, 28% used [0x00000000c0000000,0x00000000c12c45c0,0x00000000c4300000)
 Metaspace       used 39811K, committed 41024K, reserved 1114112K
  class space    used 4136K, committed 4672K, reserved 1048576K
}
Event: 19.573 GC heap after
{Heap after GC invocations=17 (full 2):
 PSYoungGen      total 24064K, used 1377K [0x00000000eab00000, 0x00000000ec580000, 0x0000000100000000)
  eden space 22016K, 0% used [0x00000000eab00000,0x00000000eab00000,0x00000000ec080000)
  from space 2048K, 67% used [0x00000000ec200000,0x00000000ec3585e0,0x00000000ec400000)
  to   space 1536K, 0% used [0x00000000ec400000,0x00000000ec400000,0x00000000ec580000)
 ParOldGen       total 68608K, used 20167K [0x00000000c0000000, 0x00000000c4300000, 0x00000000eab00000)
  object space 68608K, 29% used [0x00000000c0000000,0x00000000c13b1de0,0x00000000c4300000)
 Metaspace       used 39811K, committed 41024K, reserved 1114112K
  class space    used 4136K, committed 4672K, reserved 1048576K
}
Event: 20.469 GC heap before
{Heap before GC invocations=18 (full 2):
 PSYoungGen      total 24064K, used 23393K [0x00000000eab00000, 0x00000000ec580000, 0x0000000100000000)
  eden space 22016K, 100% used [0x00000000eab00000,0x00000000ec080000,0x00000000ec080000)
  from space 2048K, 67% used [0x00000000ec200000,0x00000000ec3585e0,0x00000000ec400000)
  to   space 1536K, 0% used [0x00000000ec400000,0x00000000ec400000,0x00000000ec580000)
 ParOldGen       total 68608K, used 20167K [0x00000000c0000000, 0x00000000c4300000, 0x00000000eab00000)
  object space 68608K, 29% used [0x00000000c0000000,0x00000000c13b1de0,0x00000000c4300000)
 Metaspace       used 42062K, committed 43200K, reserved 1114112K
  class space    used 4396K, committed 4928K, reserved 1048576K
}
Event: 20.476 GC heap after
{Heap after GC invocations=18 (full 2):
 PSYoungGen      total 23552K, used 1216K [0x00000000eab00000, 0x00000000ec580000, 0x0000000100000000)
  eden space 22016K, 0% used [0x00000000eab00000,0x00000000eab00000,0x00000000ec080000)
  from space 1536K, 79% used [0x00000000ec400000,0x00000000ec530000,0x00000000ec580000)
  to   space 1536K, 0% used [0x00000000ec280000,0x00000000ec280000,0x00000000ec400000)
 ParOldGen       total 68608K, used 22037K [0x00000000c0000000, 0x00000000c4300000, 0x00000000eab00000)
  object space 68608K, 32% used [0x00000000c0000000,0x00000000c15855a8,0x00000000c4300000)
 Metaspace       used 42062K, committed 43200K, reserved 1114112K
  class space    used 4396K, committed 4928K, reserved 1048576K
}
Event: 21.665 GC heap before
{Heap before GC invocations=19 (full 2):
 PSYoungGen      total 23552K, used 23232K [0x00000000eab00000, 0x00000000ec580000, 0x0000000100000000)
  eden space 22016K, 100% used [0x00000000eab00000,0x00000000ec080000,0x00000000ec080000)
  from space 1536K, 79% used [0x00000000ec400000,0x00000000ec530000,0x00000000ec580000)
  to   space 1536K, 0% used [0x00000000ec280000,0x00000000ec280000,0x00000000ec400000)
 ParOldGen       total 68608K, used 22037K [0x00000000c0000000, 0x00000000c4300000, 0x00000000eab00000)
  object space 68608K, 32% used [0x00000000c0000000,0x00000000c15855a8,0x00000000c4300000)
 Metaspace       used 44626K, committed 45888K, reserved 1114112K
  class space    used 4705K, committed 5248K, reserved 1048576K
}
Event: 21.673 GC heap after
{Heap after GC invocations=19 (full 2):
 PSYoungGen      total 23552K, used 1289K [0x00000000eab00000, 0x00000000ec480000, 0x0000000100000000)
  eden space 22016K, 0% used [0x00000000eab00000,0x00000000eab00000,0x00000000ec080000)
  from space 1536K, 83% used [0x00000000ec280000,0x00000000ec3c2480,0x00000000ec400000)
  to   space 512K, 0% used [0x00000000ec400000,0x00000000ec400000,0x00000000ec480000)
 ParOldGen       total 68608K, used 23098K [0x00000000c0000000, 0x00000000c4300000, 0x00000000eab00000)
  object space 68608K, 33% used [0x00000000c0000000,0x00000000c168ea40,0x00000000c4300000)
 Metaspace       used 44626K, committed 45888K, reserved 1114112K
  class space    used 4705K, committed 5248K, reserved 1048576K
}
Event: 22.467 GC heap before
{Heap before GC invocations=20 (full 2):
 PSYoungGen      total 23552K, used 23305K [0x00000000eab00000, 0x00000000ec480000, 0x0000000100000000)
  eden space 22016K, 100% used [0x00000000eab00000,0x00000000ec080000,0x00000000ec080000)
  from space 1536K, 83% used [0x00000000ec280000,0x00000000ec3c2480,0x00000000ec400000)
  to   space 512K, 0% used [0x00000000ec400000,0x00000000ec400000,0x00000000ec480000)
 ParOldGen       total 68608K, used 23098K [0x00000000c0000000, 0x00000000c4300000, 0x00000000eab00000)
  object space 68608K, 33% used [0x00000000c0000000,0x00000000c168ea40,0x00000000c4300000)
 Metaspace       used 46169K, committed 47424K, reserved 1114112K
  class space    used 4894K, committed 5440K, reserved 1048576K
}
Event: 22.478 GC heap after
{Heap after GC invocations=20 (full 2):
 PSYoungGen      total 22528K, used 480K [0x00000000eab00000, 0x00000000ec780000, 0x0000000100000000)
  eden space 22016K, 0% used [0x00000000eab00000,0x00000000eab00000,0x00000000ec080000)
  from space 512K, 93% used [0x00000000ec400000,0x00000000ec478030,0x00000000ec480000)
  to   space 3584K, 0% used [0x00000000ec080000,0x00000000ec080000,0x00000000ec400000)
 ParOldGen       total 68608K, used 25545K [0x00000000c0000000, 0x00000000c4300000, 0x00000000eab00000)
  object space 68608K, 37% used [0x00000000c0000000,0x00000000c18f2418,0x00000000c4300000)
 Metaspace       used 46169K, committed 47424K, reserved 1114112K
  class space    used 4894K, committed 5440K, reserved 1048576K
}
Event: 23.078 GC heap before
{Heap before GC invocations=21 (full 2):
 PSYoungGen      total 22528K, used 22496K [0x00000000eab00000, 0x00000000ec780000, 0x0000000100000000)
  eden space 22016K, 100% used [0x00000000eab00000,0x00000000ec080000,0x00000000ec080000)
  from space 512K, 93% used [0x00000000ec400000,0x00000000ec478030,0x00000000ec480000)
  to   space 3584K, 0% used [0x00000000ec080000,0x00000000ec080000,0x00000000ec400000)
 ParOldGen       total 68608K, used 25545K [0x00000000c0000000, 0x00000000c4300000, 0x00000000eab00000)
  object space 68608K, 37% used [0x00000000c0000000,0x00000000c18f2418,0x00000000c4300000)
 Metaspace       used 47002K, committed 48256K, reserved 1114112K
  class space    used 4989K, committed 5568K, reserved 1048576K
}
Event: 23.084 GC heap after
{Heap after GC invocations=21 (full 2):
 PSYoungGen      total 24576K, used 2257K [0x00000000eab00000, 0x00000000ec580000, 0x0000000100000000)
  eden space 22016K, 0% used [0x00000000eab00000,0x00000000eab00000,0x00000000ec080000)
  from space 2560K, 88% used [0x00000000ec080000,0x00000000ec2b4410,0x00000000ec300000)
  to   space 2560K, 0% used [0x00000000ec300000,0x00000000ec300000,0x00000000ec580000)
 ParOldGen       total 68608K, used 26001K [0x00000000c0000000, 0x00000000c4300000, 0x00000000eab00000)
  object space 68608K, 37% used [0x00000000c0000000,0x00000000c1964438,0x00000000c4300000)
 Metaspace       used 47002K, committed 48256K, reserved 1114112K
  class space    used 4989K, committed 5568K, reserved 1048576K
}

